            CPU Usage Summary Report
 -----------------------------------------------
 Read netlist CPU time                     0.14
 Model build CPU time                      0.19
 DRC CPU time                              0.10
 ATPG CPU time                             0.84
 Pattern compression CPU time              0.00
 Fault Sim CPU time                        0.00
 Good Sim CPU time                         0.00
 Diagnosis CPU time                        0.00
 Analyses CPU time                         0.00
 Write pattern CPU time                    0.00
 Total session CPU time                    1.29
 -----------------------------------------------
     Uncollapsed Stuck Fault Summary Report
 -----------------------------------------------
 fault class                     code   #faults
 ------------------------------  ----  ---------
 Detected                         DT      93098
 Possibly detected                PT          0
 Undetectable                     UD       3964
 ATPG untestable                  AU        224
 Not detected                     ND          0
 -----------------------------------------------
 total faults                             97286
 test coverage                            99.76%
 -----------------------------------------------
 Memory usage summary: total=36.50MB
            Pattern Summary Report
 -----------------------------------------------
 #internal patterns                         144
     #basic_scan patterns                   144
 -----------------------------------------------
