#                 Statistics Report
#  Circuit name                                 c432
#  Fault model                                   SAF
#  Pattern type                                BASIC
#  -------------------------------------------------
#  Fault classes                             #faults
#  ----------------------------  -------------------
#    FU (full)                                   532
#    --------------------------  -------------------
#    UD (undetected)                               0
#    PT (possibly testable)                        0
#    AU (atpg untestable)                          1
#    RE (redundant)                                0
#    AB (atpg abort)                               3
#    TI (tied)                                     0
#    --------------------------  -------------------
#    DT (detected)                               528
#  -------------------------------------------------
#  Coverage                               percentage
#    --------------------------  -------------------
#    test coverage                            99.44%
#    fault coverage                           99.25%
#    atpg effectiveness                       99.44%
#  -------------------------------------------------
#  #Patterns                                      49
#  -------------------------------------------------
#  ATPG runtime                            0.07543 s
#  -------------------------------------------------
