#                 Statistics Report
#  Circuit name                                s1238
#  Fault model                                   SAF
#  Pattern type                                BASIC
#  -------------------------------------------------
#  Fault classes                             #faults
#  ----------------------------  -------------------
#    FU (full)                                  1513
#    --------------------------  -------------------
#    UD (undetected)                             105
#    PT (possibly testable)                        0
#    AU (atpg untestable)                          0
#    RE (redundant)                                0
#    AB (atpg abort)                               0
#    TI (tied)                                     0
#    --------------------------  -------------------
#    DT (detected)                              1408
#  -------------------------------------------------
#  Coverage                               percentage
#    --------------------------  -------------------
#    test coverage                            93.06%
#    fault coverage                           93.06%
#    atpg effectiveness                       93.06%
#  -------------------------------------------------
#  #Patterns                                     152
#  -------------------------------------------------
#  ATPG runtime                           0.002061 s
#  -------------------------------------------------
