#                 Statistics Report
#  Circuit name                               s15850
#  Fault model                                   SAF
#  Pattern type                                BASIC
#  -------------------------------------------------
#  Fault classes                             #faults
#  ----------------------------  -------------------
#    FU (full)                                 24854
#    --------------------------  -------------------
#    UD (undetected)                            1093
#    PT (possibly testable)                        0
#    AU (atpg untestable)                        566
#    RE (redundant)                                0
#    AB (atpg abort)                               0
#    TI (tied)                                     0
#    --------------------------  -------------------
#    DT (detected)                             23195
#  -------------------------------------------------
#  Coverage                               percentage
#    --------------------------  -------------------
#    test coverage                             95.5%
#    fault coverage                           93.33%
#    atpg effectiveness                        95.6%
#  -------------------------------------------------
#  #Patterns                                     202
#  -------------------------------------------------
#  ATPG runtime                              5.633 s
#  -------------------------------------------------
