#                 Statistics Report
#  Circuit name                                 s510
#  Fault model                                   SAF
#  Pattern type                                BASIC
#  -------------------------------------------------
#  Fault classes                             #faults
#  ----------------------------  -------------------
#    FU (full)                                  1076
#    --------------------------  -------------------
#    UD (undetected)                              12
#    PT (possibly testable)                        0
#    AU (atpg untestable)                          0
#    RE (redundant)                                0
#    AB (atpg abort)                               0
#    TI (tied)                                     0
#    --------------------------  -------------------
#    DT (detected)                              1064
#  -------------------------------------------------
#  Coverage                               percentage
#    --------------------------  -------------------
#    test coverage                            98.88%
#    fault coverage                           98.88%
#    atpg effectiveness                       98.88%
#  -------------------------------------------------
#  #Patterns                                      62
#  -------------------------------------------------
#  ATPG runtime                            0.01392 s
#  -------------------------------------------------
