#                 Statistics Report
#  Circuit name                               s38584
#  Fault model                                   SAF
#  Pattern type                                BASIC
#  -------------------------------------------------
#  Fault classes                             #faults
#  ----------------------------  -------------------
#    FU (full)                                 81772
#    --------------------------  -------------------
#    UD (undetected)                            5845
#    PT (possibly testable)                        0
#    AU (atpg untestable)                          0
#    RE (redundant)                                0
#    AB (atpg abort)                               0
#    TI (tied)                                     0
#    --------------------------  -------------------
#    DT (detected)                             75927
#  -------------------------------------------------
#  Coverage                               percentage
#    --------------------------  -------------------
#    test coverage                            92.85%
#    fault coverage                           92.85%
#    atpg effectiveness                       92.85%
#  -------------------------------------------------
#  #Patterns                                     277
#  -------------------------------------------------
#  ATPG runtime                              1.487 s
#  -------------------------------------------------
