#                 Statistics Report
#  Circuit name                                s5378
#  Fault model                                   SAF
#  Pattern type                                BASIC
#  -------------------------------------------------
#  Fault classes                             #faults
#  ----------------------------  -------------------
#    FU (full)                                 11822
#    --------------------------  -------------------
#    UD (undetected)                             399
#    PT (possibly testable)                        0
#    AU (atpg untestable)                        110
#    RE (redundant)                                0
#    AB (atpg abort)                               0
#    TI (tied)                                     0
#    --------------------------  -------------------
#    DT (detected)                             11313
#  -------------------------------------------------
#  Coverage                               percentage
#    --------------------------  -------------------
#    test coverage                            96.59%
#    fault coverage                           95.69%
#    atpg effectiveness                       96.62%
#  -------------------------------------------------
#  #Patterns                                     336
#  -------------------------------------------------
#  ATPG runtime                             0.4254 s
#  -------------------------------------------------
