#                 Statistics Report
#  Circuit name                                c6288
#  Fault model                                   SAF
#  Pattern type                                BASIC
#  -------------------------------------------------
#  Fault classes                             #faults
#  ----------------------------  -------------------
#    FU (full)                                 14560
#    --------------------------  -------------------
#    UD (undetected)                               0
#    PT (possibly testable)                        0
#    AU (atpg untestable)                         85
#    RE (redundant)                                0
#    AB (atpg abort)                               0
#    TI (tied)                                     0
#    --------------------------  -------------------
#    DT (detected)                             14475
#  -------------------------------------------------
#  Coverage                               percentage
#    --------------------------  -------------------
#    test coverage                              100%
#    fault coverage                           99.42%
#    atpg effectiveness                         100%
#  -------------------------------------------------
#  #Patterns                                      40
#  -------------------------------------------------
#  ATPG runtime                              15.25 s
#  -------------------------------------------------
