#                 Statistics Report
#  Circuit name                                 c432
#  Fault model                                   SAF
#  Pattern type                                BASIC
#  -------------------------------------------------
#  Fault classes                             #faults
#  ----------------------------  -------------------
#    FU (full)                                  1110
#    --------------------------  -------------------
#    UD (undetected)                               0
#    PT (possibly testable)                        0
#    AU (atpg untestable)                          1
#    RE (redundant)                                0
#    AB (atpg abort)                              28
#    TI (tied)                                     0
#    --------------------------  -------------------
#    DT (detected)                              1081
#  -------------------------------------------------
#  Coverage                               percentage
#    --------------------------  -------------------
#    test coverage                            97.48%
#    fault coverage                           97.39%
#    atpg effectiveness                       97.48%
#  -------------------------------------------------
#  #Patterns                                      62
#  -------------------------------------------------
#  ATPG runtime                             0.3022 s
#  -------------------------------------------------
