 sa0   DI   CK
 sa1   DI   CK
 sa0   DI   test_se
 sa1   DS   test_se
 sa0   DI   test_si
 sa1   DS   U_I393/A2
 sa0   DS   U_I713/A1
 sa0   DS   U_I719/A1
 sa1   DS   U_I393/ZN
 sa0   --   U_I393/A1
 sa0   --   U_I393/A2
 sa1   --   U_I1170_1/A1
 sa1   DS   U_I1160_1/A1
 sa1   DS   U_I529/A2
 sa0   DS   U_I717/A1
 sa0   DS   U_I711/A1
 sa1   DS   U_I452/ZN
 sa0   --   U_I452/A
 sa1   --   U_I1166_2/A2
 sa1   DS   U_I2/ZN
 sa0   --   U_I2/A1
 sa0   --   U_I2/A2
 sa0   --   U_I2/A3
 sa0   --   U_I711/ZN
 sa1   --   U_I711/A1
 sa1   --   U_I711/A2
 sa0   --   U_I771/ZN
 sa1   --   U_I771/A
 sa0   --   U_I769/ZN
 sa1   --   U_I769/A
 sa1   --   U_I1160_1/ZN
 sa1   --   U_I770/ZN
 sa0   --   U_I770/A1
 sa0   --   U_I770/A2
 sa1   --   U_I768/ZN
 sa0   --   U_I768/A1
 sa0   --   U_I768/A2
 sa0   --   U_I715/ZN
 sa1   --   U_I715/A1
 sa1   --   U_I715/A2
 sa0   --   U_I713/ZN
 sa1   --   U_I713/A2
 sa1   --   U_I713/A1
 sa0   --   U_I719/ZN
 sa1   --   U_I719/A1
 sa1   --   U_I719/A2
 sa0   --   U_I717/ZN
 sa1   --   U_I717/A1
 sa1   --   U_I717/A2
 sa1   --   U_I1166_1/ZN
 sa1   --   U_I1166_2/ZN
 sa1   --   U_I1163_1/ZN
 sa1   --   U_I1173_1/ZN
 sa1   --   U_I1170_1/ZN
 sa1   DS   U_I771/ZN
 sa0   --   U_I771/A
 sa0   --   U_I770/ZN
 sa1   --   U_I2/A2
 sa1   DS   U_I769/ZN
 sa0   --   U_I769/A
 sa0   --   U_I768/ZN
 sa1   --   U_I2/A3
 sa0   DS   U_I1170_1/ZN
 sa0   --   U_I1170_1/A2
 sa0   --   U_I1170_1/A1
 sa0   --   U_I393/ZN
 sa0   --   U_I717/A2
 sa1   DS   U_I1170_1/A2
 sa0   DS   U_I1166_1/ZN
 sa0   --   U_I1166_1/A1
 sa0   --   U_I1166_1/A2
 sa0   --   U_I529/ZN
 sa0   --   U_I715/A1
 sa1   DS   U_I1166_1/A1
 sa1   DS   U_I529/ZN
 sa0   --   U_I529/A2
 sa0   --   U_I529/A1
 sa1   --   U_I1166_1/A2
 sa0   DS   U_I1160_1/ZN
 sa0   --   U_I1160_1/A1
 sa0   --   U_I1160_1/A2
 sa0   --   U_I711/A2
 sa1   DS   U_I1160_1/A2
 sa0   DS   U_I1163_1/ZN
 sa0   --   U_I1163_1/A1
 sa0   --   U_I1163_1/A2
 sa0   --   U_I531/ZN
 sa0   --   U_I713/A2
 sa1   DS   U_I1163_1/A1
 sa1   DS   U_I531/ZN
 sa0   --   U_I531/A2
 sa0   --   U_I531/A1
 sa1   --   U_I1163_1/A2
 sa1   DS   U_I1166_2/A1
 sa0   DS   U_I1173_1/ZN
 sa0   --   U_I1173_1/A1
 sa0   --   U_I1173_1/A2
 sa0   --   U_I719/A2
 sa1   DS   U_I1173_1/A1
 sa1   DS   U_I1173_1/A2
 sa1   DS   U_I393/A1
 sa1   DS   U_I529/A1
 sa1   DS   U_I531/A1
 sa1   DS   U_I531/A2
 sa1   DS   U_I715/ZN
 sa1   --   U_I770/A1
 sa1   DS   U_I713/ZN
 sa1   --   U_I770/A2
 sa1   DS   U_I719/ZN
 sa1   --   U_I768/A1
 sa1   DS   U_I717/ZN
 sa1   --   U_I768/A2
 sa0   DS   U_I2/ZN
 sa1   DS   U_I711/ZN
 sa1   --   U_I2/A1
 sa0   DS   U_I1166_2/ZN
 sa0   --   U_I1166_2/A1
 sa0   --   U_I1166_2/A2
 sa0   --   U_I452/ZN
 sa1   --   U_I452/A
 sa0   --   U_I715/A2
 sa1   DI   U_State_5/seq_SDFF_X10/nextstate
 sa0   DI   U_State_5/seq_SDFF_X10/nextstate
 sa1   DI   U_State_5/seq_SDFF_X10/CK
 sa0   DI   U_State_5/seq_SDFF_X10/CK
 sa1   DI   U_State_5/seq_SDFF_X10/IQ
 sa0   DI   U_State_5/seq_SDFF_X10/IQ
 sa1   DI   test_si
 sa0   DI   U_State_4/seq_SDFF_X10/IQ
 sa1   DS   U_I1025_1/A1
 sa1   DS   U_I1176_2/A1
 sa0   DS   U_I348/A1
 sa1   DS   U_I1044_1/A2
 sa1   DS   U_I1180_1/A1
 sa0   DS   U_I1176_2/ZN
 sa0   --   U_I1176_2/A1
 sa0   --   U_I1176_2/A2
 sa0   --   U_I600/ZN
 sa1   --   U_I600/A2
 sa1   --   U_I600/A1
 sa0   --   U_I721/A2
 sa1   DS   U_I497/A2
 sa0   DS   U_I567/A1
 sa0   DS   U_I600/A1
 sa1   DS   U_I554/ZN
 sa0   --   U_I554/A
 sa0   --   U_I555/ZN
 sa1   --   U_I555/A1
 sa1   --   U_I555/A2
 sa1   --   U_I1025_1/ZN
 sa1   --   U_I1180_2/A2
 sa0   DS   U_I1176_1/ZN
 sa0   --   U_I1176_1/A1
 sa0   --   U_I1176_1/A2
 sa0   --   U_I566/ZN
 sa1   --   U_I566/A
 sa1   --   U_I567/ZN
 sa0   --   U_I721/A1
 sa1   DS   U_I566/ZN
 sa0   --   U_I566/A
 sa0   --   U_I567/ZN
 sa1   --   U_I567/A1
 sa1   --   U_I567/A2
 sa1   --   U_I1044_1/ZN
 sa1   --   U_I1176_1/A2
 sa0   DS   U_I363/ZN
 sa1   --   U_I363/A
 sa0   --   U_I348/A2
 sa0   DS   U_I1025_1/ZN
 sa0   --   U_I1025_1/A1
 sa0   --   U_I1025_1/A2
 sa0   --   U_I555/A2
 sa1   DS   U_I1025_1/A2
 sa0   DS   U_I1044_1/ZN
 sa0   --   U_I1044_1/A2
 sa0   --   U_I1044_1/A1
 sa0   --   U_I497/ZN
 sa0   --   U_I567/A2
 sa1   DS   U_I497/ZN
 sa0   --   U_I497/A1
 sa0   --   U_I497/A2
 sa1   --   U_I1044_1/A1
 sa0   DS   U_I1180_1/ZN
 sa0   --   U_I1180_1/A1
 sa0   --   U_I1180_1/A2
 sa0   --   U_I723/A1
 sa1   DS   U_I3/ZN
 sa0   --   U_I3/A1
 sa0   --   U_I3/A2
 sa0   --   U_I721/ZN
 sa1   --   U_I721/A1
 sa1   --   U_I721/A2
 sa0   --   U_I723/ZN
 sa1   --   U_I723/A1
 sa1   --   U_I723/A2
 sa1   --   U_I1176_1/ZN
 sa1   --   U_I1176_2/ZN
 sa1   --   U_I1180_1/ZN
 sa1   --   U_I1180_2/ZN
 sa1   DS   U_I1180_1/A2
 sa1   DS   U_I1176_1/A1
 sa1   DS   U_I348/ZN
 sa1   --   U_I1180_2/A1
 sa1   DS   U_I600/ZN
 sa1   --   U_I1176_2/A2
 sa1   DS   U_I497/A1
 sa0   DS   U_I3/ZN
 sa1   DS   U_I721/ZN
 sa1   --   U_I3/A1
 sa1   DS   U_I723/ZN
 sa1   --   U_I3/A2
 sa0   DS   U_I555/A1
 sa0   DS   U_I600/A2
 sa0   DS   U_I1180_2/ZN
 sa0   --   U_I1180_2/A1
 sa0   --   U_I1180_2/A2
 sa0   --   U_I348/ZN
 sa1   --   U_I348/A2
 sa1   --   U_I348/A1
 sa0   --   U_I554/ZN
 sa1   --   U_I554/A
 sa1   --   U_I363/ZN
 sa0   --   U_I363/A
 sa1   --   U_I555/ZN
 sa0   --   U_I723/A2
 sa1   DI   U_State_4/seq_SDFF_X10/nextstate
 sa0   DI   U_State_4/seq_SDFF_X10/nextstate
 sa1   DI   U_State_4/seq_SDFF_X10/CK
 sa0   DI   U_State_4/seq_SDFF_X10/CK
 sa1   DI   U_State_4/seq_SDFF_X10/IQ
 sa0   DI   U_State_3/seq_SDFF_X10/IQ
 sa0   DS   U_I1184_2/ZN
 sa0   --   U_I1184_2/A1
 sa0   --   U_I1184_2/A2
 sa0   --   U_I725/A2
 sa1   DS   U_I4/A3
 sa1   DS   U_I4/ZN
 sa0   --   U_I4/A1
 sa0   --   U_I4/A3
 sa0   --   U_I4/A2
 sa0   --   U_I725/ZN
 sa1   --   U_I725/A1
 sa1   --   U_I725/A2
 sa1   --   U_I1184_1/ZN
 sa1   --   U_I1184_2/ZN
 sa1   DS   U_I1184_1/A1
 sa1   DS   U_I1184_1/A2
 sa1   DS   U_I1184_2/A1
 sa1   DS   U_I1184_2/A2
 sa0   DS   U_I4/ZN
 sa1   DS   U_I725/ZN
 sa1   --   U_I4/A1
 sa1   DS   U_I4/A2
 sa0   DS   U_I1184_1/ZN
 sa0   --   U_I1184_1/A1
 sa0   --   U_I1184_1/A2
 sa0   --   U_I725/A1
 sa1   DI   U_State_3/seq_SDFF_X10/nextstate
 sa0   DI   U_State_3/seq_SDFF_X10/nextstate
 sa1   DI   U_State_3/seq_SDFF_X10/CK
 sa0   DI   U_State_3/seq_SDFF_X10/CK
 sa1   DI   U_State_3/seq_SDFF_X10/IQ
 sa0   DI   U_State_2/seq_SDFF_X10/IQ
 sa1   DS   U_I1188_2/A1
 sa1   DS   U_I1188_1/A1
 sa0   DS   U_I733/A1
 sa0   DS   U_I731/A2
 sa1   DS   U_I424/ZN
 sa0   --   U_I424/A
 sa1   --   U_I1193_1/A1
 sa1   DS   U_I5/ZN
 sa0   --   U_I5/A1
 sa0   --   U_I5/A4
 sa0   --   U_I5/A2
 sa0   --   U_I5/A3
 sa0   --   U_I733/ZN
 sa1   --   U_I733/A2
 sa1   --   U_I733/A1
 sa0   --   U_I729/ZN
 sa1   --   U_I729/A1
 sa1   --   U_I729/A2
 sa0   --   U_I731/ZN
 sa1   --   U_I731/A1
 sa1   --   U_I731/A2
 sa1   --   U_I1193_1/ZN
 sa1   --   U_I1188_1/ZN
 sa1   --   U_I1188_2/ZN
 sa1   DS   U_I1193_1/A2
 sa0   DS   U_I1188_2/ZN
 sa0   --   U_I1188_2/A1
 sa0   --   U_I1188_2/A2
 sa0   --   U_I729/A2
 sa1   DS   U_I1188_2/A2
 sa0   DS   U_I1188_1/ZN
 sa0   --   U_I1188_1/A1
 sa0   --   U_I1188_1/A2
 sa0   --   U_I729/A1
 sa1   DS   U_I1188_1/A2
 sa0   DS   U_I5/ZN
 sa1   DS   U_I733/ZN
 sa1   --   U_I5/A1
 sa1   DS   U_I729/ZN
 sa1   --   U_I5/A2
 sa1   DS   U_I731/ZN
 sa1   --   U_I5/A3
 sa1   DS   U_I5/A4
 sa0   DS   U_I731/A1
 sa0   DS   U_I1193_1/ZN
 sa0   --   U_I1193_1/A1
 sa0   --   U_I1193_1/A2
 sa0   --   U_I424/ZN
 sa1   --   U_I424/A
 sa0   --   U_I733/A2
 sa1   DI   U_State_2/seq_SDFF_X10/nextstate
 sa0   DI   U_State_2/seq_SDFF_X10/nextstate
 sa1   DI   U_State_2/seq_SDFF_X10/CK
 sa0   DI   U_State_2/seq_SDFF_X10/CK
 sa1   DI   U_State_2/seq_SDFF_X10/IQ
 sa0   DI   U_State_1/seq_SDFF_X10/IQ
 sa0   DS   U_I1056_1/ZN
 sa0   --   U_I1056_1/A1
 sa0   --   U_I1056_1/A2
 sa0   --   U_I579/A2
 sa1   DS   U_I1056_1/A1
 sa1   DS   U_I1203_2/ZN
 sa1   --   U_I1203_2/A1
 sa1   --   U_I1203_2/A2
 sa1   --   U_I738/A2
 sa1   DS   U_I1199_2/A1
 sa1   DS   U_I380/ZN
 sa0   --   U_I380/A
 sa1   --   U_I1199_2/A2
 sa0   DS   U_I552/ZN
 sa1   --   U_I552/A
 sa0   --   U_I735/A1
 sa1   DS   U_I6/ZN
 sa0   --   U_I6/A1
 sa0   --   U_I6/A3
 sa0   --   U_I6/A2
 sa0   --   U_I777/ZN
 sa1   --   U_I777/A2
 sa1   --   U_I777/A1
 sa0   --   U_I779/ZN
 sa1   --   U_I779/A
 sa1   --   U_I738/ZN
 sa0   --   U_I738/A1
 sa0   --   U_I738/A2
 sa1   --   U_I740/ZN
 sa0   --   U_I740/A1
 sa0   --   U_I740/A2
 sa1   --   U_I778/ZN
 sa0   --   U_I778/A2
 sa0   --   U_I778/A1
 sa0   --   U_I1203_1/ZN
 sa0   --   U_I1203_2/ZN
 sa0   --   U_I1207_1/ZN
 sa0   --   U_I735/ZN
 sa1   --   U_I735/A2
 sa1   --   U_I735/A1
 sa0   --   U_I737/ZN
 sa1   --   U_I737/A2
 sa1   --   U_I737/A1
 sa1   --   U_I1196_1/ZN
 sa1   --   U_I552/ZN
 sa0   --   U_I552/A
 sa1   --   U_I1199_2/ZN
 sa1   --   U_I1199_1/ZN
 sa1   DS   U_I779/ZN
 sa0   --   U_I779/A
 sa0   --   U_I778/ZN
 sa1   --   U_I6/A2
 sa0   DS   U_I963_1/ZN
 sa0   --   U_I963_1/A1
 sa0   --   U_I963_1/A2
 sa0   --   U_I463/A2
 sa0   DS   U_I463/ZN
 sa1   --   U_I463/A1
 sa1   --   U_I463/A2
 sa1   --   U_I963_1/ZN
 sa0   --   U_I1203_1/A1
 sa1   DS   U_I963_1/A1
 sa1   DS   U_I963_1/A2
 sa0   DS   U_I1196_1/ZN
 sa0   --   U_I1196_1/A2
 sa0   --   U_I1196_1/A1
 sa0   --   U_I735/A2
 sa1   DS   U_I1196_1/A1
 sa1   DS   U_I1196_1/A2
 sa0   DS   U_I579/ZN
 sa1   --   U_I579/A1
 sa1   --   U_I579/A2
 sa1   --   U_I1056_1/ZN
 sa0   --   U_I1207_1/A2
 sa1   DS   U_I1056_1/A2
 sa0   DS   U_I1199_1/ZN
 sa0   --   U_I1199_1/A2
 sa0   --   U_I1199_1/A1
 sa0   --   U_I737/A1
 sa1   DS   U_I1199_1/A1
 sa1   DS   U_I1199_1/A2
 sa0   DS   U_I1203_2/A1
 sa0   DS   U_I1203_2/A2
 sa1   DS   U_I1203_1/ZN
 sa1   --   U_I1203_1/A2
 sa1   --   U_I1203_1/A1
 sa1   --   U_I463/ZN
 sa1   --   U_I738/A1
 sa0   DS   U_I1203_1/A2
 sa1   DS   U_I1207_1/ZN
 sa1   --   U_I1207_1/A1
 sa1   --   U_I1207_1/A2
 sa1   --   U_I579/ZN
 sa1   --   U_I740/A1
 sa0   DS   U_I1207_1/A1
 sa0   DS   U_I738/ZN
 sa0   --   U_I777/A2
 sa0   DS   U_I740/ZN
 sa0   --   U_I777/A1
 sa1   DS   U_I740/A2
 sa1   DS   U_I737/ZN
 sa1   --   U_I778/A1
 sa1   DS   U_I735/ZN
 sa1   --   U_I778/A2
 sa0   DS   U_I6/ZN
 sa1   DS   U_I6/A1
 sa1   DS   U_I777/ZN
 sa1   --   U_I6/A3
 sa0   DS   U_I463/A1
 sa0   DS   U_I579/A1
 sa0   DS   U_I1199_2/ZN
 sa0   --   U_I1199_2/A1
 sa0   --   U_I1199_2/A2
 sa0   --   U_I380/ZN
 sa1   --   U_I380/A
 sa0   --   U_I737/A2
 sa1   DI   U_State_1/seq_SDFF_X10/nextstate
 sa0   DI   U_State_1/seq_SDFF_X10/nextstate
 sa1   DI   U_State_1/seq_SDFF_X10/CK
 sa0   DI   U_State_1/seq_SDFF_X10/CK
 sa1   DI   U_State_1/seq_SDFF_X10/IQ
 sa0   DI   U_State_0/seq_SDFF_X10/IQ
 sa1   DS   U_I966_1/A1
 sa1   DS   U_I1216_1/ZN
 sa1   --   U_I1216_1/A1
 sa1   --   U_I1216_1/A2
 sa1   --   U_I746/A1
 sa0   DS   U_I498/A1
 sa0   DS   U_I966_1/ZN
 sa0   --   U_I966_1/A1
 sa0   --   U_I966_1/A2
 sa0   --   U_I465/A2
 sa0   DS   U_I498/ZN
 sa1   --   U_I498/A1
 sa1   --   U_I498/A2
 sa0   --   U_I1213_1/A1
 sa1   DS   U_I742/A2
 sa1   DS   U_I1210_1/ZN
 sa1   --   U_I1210_1/A2
 sa1   --   U_I1210_1/A1
 sa1   --   U_I339/ZN
 sa0   --   U_I339/A
 sa1   --   U_I742/A1
 sa0   DS   U_I7/ZN
 sa1   --   U_I7/A
 sa1   --   U_I311/ZN
 sa1   DS   U_I7/ZN
 sa0   --   U_I7/A
 sa0   --   U_I311/ZN
 sa1   --   U_I311/A1
 sa1   --   U_I311/A2
 sa1   --   U_I311/A3
 sa1   --   U_I742/ZN
 sa0   --   U_I742/A2
 sa0   --   U_I742/A1
 sa1   --   U_I746/ZN
 sa0   --   U_I746/A2
 sa0   --   U_I746/A1
 sa1   --   U_I744/ZN
 sa0   --   U_I744/A2
 sa0   --   U_I744/A1
 sa0   --   U_I1210_1/ZN
 sa0   --   U_I1216_2/ZN
 sa0   --   U_I1216_1/ZN
 sa0   --   U_I1213_1/ZN
 sa0   DS   U_I465/ZN
 sa1   --   U_I465/A1
 sa1   --   U_I465/A2
 sa1   --   U_I966_1/ZN
 sa0   --   U_I1216_2/A1
 sa1   DS   U_I966_1/A2
 sa0   DS   U_I1216_1/A1
 sa0   DS   U_I1216_1/A2
 sa1   DS   U_I1216_2/ZN
 sa1   --   U_I1216_2/A2
 sa1   --   U_I1216_2/A1
 sa1   --   U_I465/ZN
 sa1   --   U_I746/A2
 sa0   DS   U_I1216_2/A2
 sa0   DS   U_I1210_1/A2
 sa1   DS   U_I1213_1/ZN
 sa1   --   U_I1213_1/A2
 sa1   --   U_I1213_1/A1
 sa1   --   U_I498/ZN
 sa1   --   U_I744/A1
 sa0   DS   U_I1213_1/A2
 sa0   DS   U_I746/ZN
 sa0   --   U_I311/A2
 sa0   DS   U_I742/ZN
 sa0   --   U_I311/A1
 sa0   DS   U_I744/ZN
 sa0   --   U_I311/A3
 sa1   DS   U_I744/A2
 sa0   DS   U_I498/A2
 sa0   DS   U_I465/A1
 sa0   DS   U_I339/ZN
 sa1   --   U_I339/A
 sa0   --   U_I1210_1/A1
 sa1   DI   U_State_0/seq_SDFF_X10/nextstate
 sa0   DI   U_State_0/seq_SDFF_X10/nextstate
 sa1   DI   U_State_0/seq_SDFF_X10/CK
 sa0   DI   U_State_0/seq_SDFF_X10/CK
 sa1   DI   U_State_0/seq_SDFF_X10/IQ
 sa0   DI   U_ActRtHS1/seq_SDFF_X10/IQ
 sa0   DS   U_I657/A1
 sa0   DS   U_I1080_1/ZN
 sa0   --   U_I1080_1/A1
 sa0   --   U_I1080_1/A2
 sa0   --   U_I657/A2
 sa1   DS   U_I657/ZN
 sa1   --   U_I8/A2
 sa1   DS   U_I8/ZN
 sa0   --   U_I8/A1
 sa0   --   U_I8/A2
 sa0   --   U_I655/ZN
 sa1   --   U_I655/A2
 sa1   --   U_I655/A1
 sa0   --   U_I657/ZN
 sa1   --   U_I657/A2
 sa1   --   U_I657/A1
 sa1   --   U_I1077_1/ZN
 sa1   --   U_I1080_1/ZN
 sa1   DS   U_I1077_1/A1
 sa1   DS   U_I1077_1/A2
 sa1   DS   U_I1080_1/A1
 sa1   DS   U_I1080_1/A2
 sa0   DS   U_I8/ZN
 sa1   DS   U_I655/ZN
 sa1   --   U_I8/A1
 sa0   DS   U_I655/A1
 sa0   DS   U_I1077_1/ZN
 sa0   --   U_I1077_1/A1
 sa0   --   U_I1077_1/A2
 sa0   --   U_I655/A2
 sa1   DI   U_ActRtHS1/seq_SDFF_X10/nextstate
 sa0   DI   U_ActRtHS1/seq_SDFF_X10/nextstate
 sa1   DI   U_ActRtHS1/seq_SDFF_X10/CK
 sa0   DI   U_ActRtHS1/seq_SDFF_X10/CK
 sa1   DI   U_ActRtHS1/seq_SDFF_X10/IQ
 sa0   DI   U_ActBmHS1/seq_SDFF_X10/IQ
 sa0   DS   U_I1083_1/ZN
 sa0   --   U_I1083_1/A1
 sa0   --   U_I1083_1/A2
 sa0   --   U_I659/A2
 sa0   DS   U_I1087_1/A1
 sa0   DS   U_I526/ZN
 sa1   --   U_I526/A2
 sa1   --   U_I526/A1
 sa1   --   U_I370/ZN
 sa0   --   U_I370/A
 sa0   --   U_I1087_1/A2
 sa1   DS   U_I9/ZN
 sa0   --   U_I9/A1
 sa0   --   U_I9/A2
 sa0   --   U_I9/A3
 sa0   --   U_I661/ZN
 sa1   --   U_I661/A
 sa0   --   U_I659/ZN
 sa1   --   U_I659/A2
 sa1   --   U_I659/A1
 sa1   --   U_I660/ZN
 sa0   --   U_I660/A2
 sa0   --   U_I660/A1
 sa1   --   U_I1083_1/ZN
 sa0   --   U_I1087_1/ZN
 sa1   DS   U_I661/ZN
 sa0   --   U_I661/A
 sa0   --   U_I660/ZN
 sa1   --   U_I9/A2
 sa1   DS   U_I1083_1/A1
 sa1   DS   U_I1083_1/A2
 sa1   DS   U_I1087_1/ZN
 sa1   --   U_I1087_1/A1
 sa1   --   U_I1087_1/A2
 sa1   --   U_I526/ZN
 sa1   --   U_I660/A1
 sa1   DS   U_I660/A2
 sa0   DS   U_I9/ZN
 sa1   DS   U_I9/A1
 sa1   DS   U_I659/ZN
 sa1   --   U_I9/A3
 sa0   DS   U_I659/A1
 sa0   DS   U_I526/A2
 sa0   DS   U_I370/ZN
 sa1   --   U_I370/A
 sa0   --   U_I526/A1
 sa1   DI   U_ActBmHS1/seq_SDFF_X10/nextstate
 sa0   DI   U_ActBmHS1/seq_SDFF_X10/nextstate
 sa1   DI   U_ActBmHS1/seq_SDFF_X10/CK
 sa0   DI   U_ActBmHS1/seq_SDFF_X10/CK
 sa1   DI   U_ActBmHS1/seq_SDFF_X10/IQ
 sa0   DI   U_GoRtHS1/seq_SDFF_X10/IQ
 sa1   DS   U_I587/A2
 sa0   DS   U_I582/A1
 sa1   DS   U_I789_1/A1
 sa1   DS   U_I1094_1/A1
 sa1   DS   U_I663/ZN
 sa0   --   U_I663/A
 sa0   --   U_I662/ZN
 sa1   --   U_I750/A2
 sa0   DS   U_I10/ZN
 sa1   --   U_I10/A
 sa1   --   U_I287/ZN
 sa0   DS   U_I789_1/ZN
 sa0   --   U_I789_1/A1
 sa0   --   U_I789_1/A2
 sa0   --   U_I580/ZN
 sa1   --   U_I580/A1
 sa1   --   U_I580/A2
 sa0   --   U_I287/A2
 sa1   DS   U_I580/ZN
 sa1   --   U_I789_1/A2
 sa0   DS   U_I1094_1/ZN
 sa0   --   U_I1094_1/A1
 sa0   --   U_I1094_1/A2
 sa0   --   U_I582/ZN
 sa1   --   U_I582/A2
 sa1   --   U_I582/A1
 sa0   --   U_I665/A2
 sa1   DS   U_I582/ZN
 sa1   --   U_I1094_1/A2
 sa1   DS   U_I1091_1/ZN
 sa1   --   U_I1091_1/A1
 sa1   --   U_I1091_1/A2
 sa1   --   U_I585/ZN
 sa0   --   U_I585/A2
 sa0   --   U_I585/A1
 sa1   --   U_I587/ZN
 sa0   --   U_I587/A1
 sa0   --   U_I587/A2
 sa1   --   U_I662/A1
 sa0   DS   U_I585/ZN
 sa0   --   U_I1091_1/A1
 sa0   DS   U_I587/ZN
 sa0   --   U_I1091_1/A2
 sa1   DS   U_I587/A1
 sa1   DS   U_I585/A1
 sa1   DS   U_I585/A2
 sa1   DS   U_I662/A2
 sa0   DS   U_I750/ZN
 sa0   --   U_I287/A1
 sa1   DS   U_I665/ZN
 sa1   --   U_I750/A1
 sa0   DS   U_I580/A1
 sa0   DS   U_I580/A2
 sa0   DS   U_I582/A2
 sa0   DS   U_I665/A1
 sa1   DS   U_I10/ZN
 sa0   --   U_I10/A
 sa0   --   U_I287/ZN
 sa1   --   U_I287/A1
 sa1   --   U_I287/A2
 sa1   --   U_I750/ZN
 sa0   --   U_I750/A1
 sa0   --   U_I750/A2
 sa1   --   U_I789_1/ZN
 sa0   --   U_I665/ZN
 sa1   --   U_I665/A1
 sa1   --   U_I665/A2
 sa0   --   U_I663/ZN
 sa1   --   U_I663/A
 sa1   --   U_I1094_1/ZN
 sa1   --   U_I662/ZN
 sa0   --   U_I662/A2
 sa0   --   U_I662/A1
 sa0   --   U_I1091_1/ZN
 sa1   DI   U_GoRtHS1/seq_SDFF_X10/nextstate
 sa0   DI   U_GoRtHS1/seq_SDFF_X10/nextstate
 sa1   DI   U_GoRtHS1/seq_SDFF_X10/CK
 sa0   DI   U_GoRtHS1/seq_SDFF_X10/CK
 sa1   DI   U_GoRtHS1/seq_SDFF_X10/IQ
 sa0   DI   U_GoBmHS1/seq_SDFF_X10/IQ
 sa1   DS   U_I475/ZN
 sa0   --   U_I475/A
 sa1   --   U_I11/A1
 sa1   DS   U_I1100_1/A1
 sa1   DS   U_I1097_1/A1
 sa0   DS   U_I1028_1/A2
 sa0   DS   U_I669/A1
 sa0   DS   U_I1100_1/ZN
 sa0   --   U_I1100_1/A1
 sa0   --   U_I1100_1/A2
 sa0   --   U_I669/A2
 sa1   DS   U_I1100_1/A2
 sa0   DS   U_I1097_1/ZN
 sa0   --   U_I1097_1/A1
 sa0   --   U_I1097_1/A2
 sa0   --   U_I556/ZN
 sa0   --   U_I667/A2
 sa1   DS   U_I556/ZN
 sa0   --   U_I556/A1
 sa0   --   U_I556/A2
 sa0   --   U_I1028_1/ZN
 sa1   --   U_I1097_1/A2
 sa1   DS   U_I1028_1/ZN
 sa1   --   U_I1028_1/A1
 sa1   --   U_I1028_1/A2
 sa1   --   U_I556/A1
 sa0   DS   U_I1028_1/A1
 sa1   DS   U_I556/A2
 sa0   DS   U_I11/ZN
 sa1   DS   U_I669/ZN
 sa1   --   U_I11/A2
 sa1   DS   U_I667/ZN
 sa1   --   U_I11/A3
 sa0   DS   U_I667/A1
 sa1   DS   U_I11/ZN
 sa0   --   U_I11/A1
 sa0   --   U_I11/A2
 sa0   --   U_I11/A3
 sa0   --   U_I475/ZN
 sa1   --   U_I475/A
 sa0   --   U_I669/ZN
 sa1   --   U_I669/A1
 sa1   --   U_I669/A2
 sa0   --   U_I667/ZN
 sa1   --   U_I667/A1
 sa1   --   U_I667/A2
 sa1   --   U_I1100_1/ZN
 sa1   --   U_I1097_1/ZN
 sa1   DI   U_GoBmHS1/seq_SDFF_X10/nextstate
 sa0   DI   U_GoBmHS1/seq_SDFF_X10/nextstate
 sa1   DI   U_GoBmHS1/seq_SDFF_X10/CK
 sa0   DI   U_GoBmHS1/seq_SDFF_X10/CK
 sa1   DI   U_GoBmHS1/seq_SDFF_X10/IQ
 sa0   DI   U_NewTrHS1/seq_SDFF_X10/IQ
 sa1   DS   U_I12/ZN
 sa0   --   U_I12/A1
 sa0   --   U_I12/A2
 sa1   DS   U_I12/A1
 sa1   DS   U_I12/A2
 sa0   DS   U_I12/ZN
 sa1   DI   U_NewTrHS1/seq_SDFF_X10/nextstate
 sa0   DI   U_NewTrHS1/seq_SDFF_X10/nextstate
 sa1   DI   U_NewTrHS1/seq_SDFF_X10/CK
 sa0   DI   U_NewTrHS1/seq_SDFF_X10/CK
 sa1   DI   U_NewTrHS1/seq_SDFF_X10/IQ
 sa0   DI   U_ReRtTSHS1/seq_SDFF_X10/IQ
 sa1   DS   U_I13/ZN
 sa0   --   U_I13/A
 sa0   DS   U_I13/ZN
 sa1   --   U_I13/A
 sa1   DI   U_ReRtTSHS1/seq_SDFF_X10/nextstate
 sa0   DI   U_ReRtTSHS1/seq_SDFF_X10/nextstate
 sa1   DI   U_ReRtTSHS1/seq_SDFF_X10/CK
 sa0   DI   U_ReRtTSHS1/seq_SDFF_X10/CK
 sa1   DI   U_ReRtTSHS1/seq_SDFF_X10/IQ
 sa0   DI   U_Mode0HS1/seq_SDFF_X10/IQ
 sa0   DS   U_I673/A1
 sa1   DS   U_I1107_1/A1
 sa0   DS   U_I1103_1/ZN
 sa0   --   U_I1103_1/A1
 sa0   --   U_I1103_1/A2
 sa0   --   U_I671/A1
 sa0   DS   U_I1103_2/ZN
 sa0   --   U_I1103_2/A1
 sa0   --   U_I1103_2/A2
 sa0   --   U_I671/A2
 sa1   DS   U_I671/ZN
 sa1   --   U_I14/A1
 sa1   DS   U_I14/ZN
 sa0   --   U_I14/A1
 sa0   --   U_I14/A2
 sa0   --   U_I671/ZN
 sa1   --   U_I671/A1
 sa1   --   U_I671/A2
 sa0   --   U_I673/ZN
 sa1   --   U_I673/A2
 sa1   --   U_I673/A1
 sa1   --   U_I1103_1/ZN
 sa1   --   U_I1103_2/ZN
 sa1   --   U_I1107_1/ZN
 sa1   DS   U_I1107_1/A2
 sa1   DS   U_I1103_1/A1
 sa1   DS   U_I1103_1/A2
 sa1   DS   U_I1103_2/A1
 sa1   DS   U_I1103_2/A2
 sa0   DS   U_I14/ZN
 sa1   DS   U_I673/ZN
 sa1   --   U_I14/A2
 sa0   DS   U_I1107_1/ZN
 sa0   --   U_I1107_1/A1
 sa0   --   U_I1107_1/A2
 sa0   --   U_I673/A2
 sa1   DI   U_Mode0HS1/seq_SDFF_X10/nextstate
 sa0   DI   U_Mode0HS1/seq_SDFF_X10/nextstate
 sa1   DI   U_Mode0HS1/seq_SDFF_X10/CK
 sa0   DI   U_Mode0HS1/seq_SDFF_X10/CK
 sa1   DI   U_Mode0HS1/seq_SDFF_X10/IQ
 sa0   DI   U_Mode1HS1/seq_SDFF_X10/IQ
 sa1   DS   U_I1110_1/A1
 sa0   DS   U_I796_1/A1
 sa0   DS   U_I1110_1/ZN
 sa0   --   U_I1110_1/A1
 sa0   --   U_I1110_1/A2
 sa0   --   U_I675/A2
 sa1   DS   U_I15/ZN
 sa0   --   U_I15/A2
 sa0   --   U_I15/A1
 sa0   --   U_I675/ZN
 sa1   --   U_I675/A1
 sa1   --   U_I675/A2
 sa0   --   U_I796_1/ZN
 sa1   --   U_I1110_1/ZN
 sa1   DS   U_I1110_1/A2
 sa1   DS   U_I796_1/ZN
 sa1   --   U_I796_1/A1
 sa1   --   U_I796_1/A2
 sa1   --   U_I15/A1
 sa0   DS   U_I796_1/A2
 sa0   DS   U_I15/ZN
 sa1   DS   U_I675/ZN
 sa1   --   U_I15/A2
 sa0   DS   U_I675/A1
 sa1   DI   U_Mode1HS1/seq_SDFF_X10/nextstate
 sa0   DI   U_Mode1HS1/seq_SDFF_X10/nextstate
 sa1   DI   U_Mode1HS1/seq_SDFF_X10/CK
 sa0   DI   U_Mode1HS1/seq_SDFF_X10/CK
 sa1   DI   U_Mode1HS1/seq_SDFF_X10/IQ
 sa0   DI   U_Mode2HS1/seq_SDFF_X10/IQ
 sa1   DI   U_Mode2HS1/seq_SDFF_X10/nextstate
 sa0   DI   U_Mode2HS1/seq_SDFF_X10/nextstate
 sa1   DI   U_Mode2HS1/seq_SDFF_X10/CK
 sa0   DI   U_Mode2HS1/seq_SDFF_X10/CK
 sa1   DI   U_Mode2HS1/seq_SDFF_X10/IQ
 sa0   DI   U_NewLineHS1/seq_SDFF_X10/IQ
 sa0   DS   U_I1113_1/A1
 sa1   DS   U_I676/A2
 sa0   DS   U_I294/A1
 sa1   DS   U_I423/ZN
 sa0   --   U_I423/A
 sa1   --   U_I678/A2
 sa0   DS   U_I17/ZN
 sa1   --   U_I17/A
 sa1   --   U_I294/ZN
 sa1   DS   U_I1113_1/ZN
 sa1   --   U_I1113_1/A1
 sa1   --   U_I1113_1/A2
 sa1   --   U_I676/A1
 sa0   DS   U_I1113_1/A2
 sa0   DS   U_I676/ZN
 sa0   --   U_I294/A3
 sa0   DS   U_I678/ZN
 sa0   --   U_I294/A2
 sa1   DS   U_I678/A1
 sa1   DS   U_I17/ZN
 sa0   --   U_I17/A
 sa0   --   U_I294/ZN
 sa1   --   U_I294/A2
 sa1   --   U_I294/A3
 sa1   --   U_I294/A1
 sa1   --   U_I678/ZN
 sa0   --   U_I678/A2
 sa0   --   U_I678/A1
 sa1   --   U_I676/ZN
 sa0   --   U_I676/A1
 sa0   --   U_I676/A2
 sa0   --   U_I423/ZN
 sa1   --   U_I423/A
 sa0   --   U_I1113_1/ZN
 sa1   DI   U_NewLineHS1/seq_SDFF_X10/nextstate
 sa0   DI   U_NewLineHS1/seq_SDFF_X10/nextstate
 sa1   DI   U_NewLineHS1/seq_SDFF_X10/CK
 sa0   DI   U_NewLineHS1/seq_SDFF_X10/CK
 sa1   DI   U_NewLineHS1/seq_SDFF_X10/IQ
 sa0   DI   U_ShftORHS1/seq_SDFF_X10/IQ
 sa1   DS   U_I1118_1/ZN
 sa1   --   U_I1118_1/A1
 sa1   --   U_I1118_1/A2
 sa1   --   U_I682/A1
 sa0   DS   U_I1118_1/A1
 sa1   DS   U_I18/ZN
 sa0   --   U_I18/A
 sa0   --   U_I295/ZN
 sa1   --   U_I295/A1
 sa1   --   U_I295/A2
 sa1   --   U_I295/A3
 sa1   --   U_I682/ZN
 sa0   --   U_I682/A1
 sa0   --   U_I682/A2
 sa1   --   U_I680/ZN
 sa0   --   U_I680/A1
 sa0   --   U_I680/A2
 sa0   --   U_I1118_1/ZN
 sa0   DS   U_I1118_1/A2
 sa0   DS   U_I680/ZN
 sa0   --   U_I295/A3
 sa1   DS   U_I680/A1
 sa1   DS   U_I680/A2
 sa0   DS   U_I682/ZN
 sa0   --   U_I295/A2
 sa1   DS   U_I682/A2
 sa0   DS   U_I295/A1
 sa0   DS   U_I18/ZN
 sa1   --   U_I18/A
 sa1   --   U_I295/ZN
 sa1   DI   U_ShftORHS1/seq_SDFF_X10/nextstate
 sa0   DI   U_ShftORHS1/seq_SDFF_X10/nextstate
 sa1   DI   U_ShftORHS1/seq_SDFF_X10/CK
 sa0   DI   U_ShftORHS1/seq_SDFF_X10/CK
 sa1   DI   U_ShftORHS1/seq_SDFF_X10/IQ
 sa0   DI   U_ShftIRHS1/seq_SDFF_X10/IQ
 sa1   DS   U_I19/ZN
 sa0   --   U_I19/A2
 sa0   --   U_I19/A1
 sa1   DS   U_I19/A1
 sa1   DS   U_I19/A2
 sa0   DS   U_I19/ZN
 sa1   DI   U_ShftIRHS1/seq_SDFF_X10/nextstate
 sa0   DI   U_ShftIRHS1/seq_SDFF_X10/nextstate
 sa1   DI   U_ShftIRHS1/seq_SDFF_X10/CK
 sa0   DI   U_ShftIRHS1/seq_SDFF_X10/CK
 sa1   DI   U_ShftIRHS1/seq_SDFF_X10/IQ
 sa0   DI   U_LxHInHS1/seq_SDFF_X10/IQ
 sa1   DS   U_I1031_1/A1
 sa1   DS   U_I1034_1/A1
 sa0   DS   U_I559/A1
 sa1   DS   U_I398/ZN
 sa0   --   U_I398/A
 sa1   --   U_I1031_1/A2
 sa0   DS   U_I1034_1/ZN
 sa0   --   U_I1034_1/A2
 sa0   --   U_I1034_1/A1
 sa0   --   U_I428/ZN
 sa1   --   U_I428/A
 sa0   --   U_I561/A2
 sa1   DS   U_I428/ZN
 sa0   --   U_I428/A
 sa1   --   U_I1034_1/A2
 sa0   DS   U_I20/ZN
 sa1   --   U_I20/A
 sa1   --   U_I297/ZN
 sa1   DS   U_I20/ZN
 sa0   --   U_I20/A
 sa0   --   U_I297/ZN
 sa1   --   U_I297/A2
 sa1   --   U_I297/A1
 sa1   --   U_I297/A3
 sa1   --   U_I686/ZN
 sa0   --   U_I686/A2
 sa0   --   U_I686/A1
 sa1   --   U_I684/ZN
 sa0   --   U_I684/A1
 sa0   --   U_I684/A2
 sa0   --   U_I1125_1/ZN
 sa0   --   U_I1121_1/ZN
 sa0   --   U_I1121_2/ZN
 sa0   DS   U_I559/ZN
 sa1   --   U_I559/A1
 sa1   --   U_I559/A2
 sa1   --   U_I1031_1/ZN
 sa0   --   U_I1121_2/A2
 sa0   DS   U_I561/ZN
 sa1   --   U_I561/A1
 sa1   --   U_I561/A2
 sa1   --   U_I1034_1/ZN
 sa0   --   U_I1125_1/A2
 sa1   DS   U_I1121_1/ZN
 sa1   --   U_I1121_1/A1
 sa1   --   U_I1121_1/A2
 sa1   --   U_I589/ZN
 sa0   --   U_I589/A1
 sa0   --   U_I589/A2
 sa1   --   U_I684/A1
 sa0   DS   U_I1121_1/A1
 sa0   DS   U_I589/ZN
 sa0   --   U_I1121_1/A2
 sa1   DS   U_I1121_2/ZN
 sa1   --   U_I1121_2/A1
 sa1   --   U_I1121_2/A2
 sa1   --   U_I559/ZN
 sa1   --   U_I684/A2
 sa0   DS   U_I1121_2/A1
 sa1   DS   U_I1125_1/ZN
 sa1   --   U_I1125_1/A1
 sa1   --   U_I1125_1/A2
 sa1   --   U_I561/ZN
 sa1   --   U_I686/A1
 sa0   DS   U_I1125_1/A1
 sa1   DS   U_I589/A1
 sa1   DS   U_I589/A2
 sa0   DS   U_I684/ZN
 sa0   --   U_I297/A3
 sa0   DS   U_I686/ZN
 sa0   --   U_I297/A2
 sa1   DS   U_I686/A2
 sa0   DS   U_I561/A1
 sa0   DS   U_I297/A1
 sa0   DS   U_I1031_1/ZN
 sa0   --   U_I1031_1/A2
 sa0   --   U_I1031_1/A1
 sa0   --   U_I398/ZN
 sa1   --   U_I398/A
 sa0   --   U_I559/A2
 sa1   DI   U_LxHInHS1/seq_SDFF_X10/nextstate
 sa0   DI   U_LxHInHS1/seq_SDFF_X10/nextstate
 sa1   DI   U_LxHInHS1/seq_SDFF_X10/CK
 sa0   DI   U_LxHInHS1/seq_SDFF_X10/CK
 sa1   DI   U_LxHInHS1/seq_SDFF_X10/IQ
 sa0   DI   U_TxHInHS1/seq_SDFF_X10/IQ
 sa1   DS   U_I593/A1
 sa1   DS   U_I1047_2/ZN
 sa1   --   U_I1047_2/A1
 sa1   --   U_I1047_2/A2
 sa1   --   U_I568/A2
 sa1   DS   U_I1132_1/ZN
 sa1   --   U_I1132_1/A1
 sa1   --   U_I1132_1/A2
 sa1   --   U_I593/ZN
 sa0   --   U_I593/A1
 sa0   --   U_I593/A2
 sa1   --   U_I595/ZN
 sa0   --   U_I595/A1
 sa0   --   U_I595/A2
 sa1   --   U_I690/A1
 sa1   DS   U_I1132_2/ZN
 sa1   --   U_I1132_2/A1
 sa1   --   U_I1132_2/A2
 sa1   --   U_I467/ZN
 sa0   --   U_I467/A
 sa1   --   U_I690/A2
 sa1   DS   U_I21/ZN
 sa0   --   U_I21/A1
 sa0   --   U_I21/A2
 sa0   --   U_I21/A3
 sa0   --   U_I689/ZN
 sa1   --   U_I689/A1
 sa1   --   U_I689/A2
 sa0   --   U_I693/ZN
 sa1   --   U_I693/A1
 sa1   --   U_I693/A2
 sa0   --   U_I691/ZN
 sa1   --   U_I691/A
 sa1   --   U_I1128_1/ZN
 sa1   --   U_I1136_1/ZN
 sa1   --   U_I690/ZN
 sa0   --   U_I690/A2
 sa0   --   U_I690/A1
 sa0   --   U_I1132_2/ZN
 sa0   --   U_I1132_1/ZN
 sa1   DS   U_I691/ZN
 sa0   --   U_I691/A
 sa0   --   U_I690/ZN
 sa1   --   U_I21/A3
 sa0   DS   U_I1136_1/ZN
 sa0   --   U_I1136_1/A1
 sa0   --   U_I1136_1/A2
 sa0   --   U_I590/ZN
 sa1   --   U_I590/A1
 sa1   --   U_I590/A2
 sa0   --   U_I693/A2
 sa1   DS   U_I1136_1/A1
 sa1   DS   U_I590/ZN
 sa1   --   U_I1136_1/A2
 sa0   DS   U_I1128_1/ZN
 sa0   --   U_I1128_1/A1
 sa0   --   U_I1128_1/A2
 sa0   --   U_I568/ZN
 sa0   --   U_I689/A2
 sa1   DS   U_I1128_1/A1
 sa1   DS   U_I568/ZN
 sa0   --   U_I568/A1
 sa0   --   U_I568/A2
 sa0   --   U_I1047_1/ZN
 sa0   --   U_I1047_2/ZN
 sa1   --   U_I1128_1/A2
 sa0   DS   U_I1047_2/A1
 sa0   DS   U_I1047_2/A2
 sa1   DS   U_I1047_1/ZN
 sa1   --   U_I1047_1/A1
 sa1   --   U_I1047_1/A2
 sa1   --   U_I568/A1
 sa0   DS   U_I1047_1/A1
 sa0   DS   U_I1047_1/A2
 sa0   DS   U_I593/ZN
 sa0   --   U_I1132_1/A1
 sa0   DS   U_I595/ZN
 sa0   --   U_I1132_1/A2
 sa0   DS   U_I1132_2/A1
 sa1   DS   U_I595/A1
 sa1   DS   U_I595/A2
 sa1   DS   U_I593/A2
 sa0   DS   U_I21/ZN
 sa1   DS   U_I689/ZN
 sa1   --   U_I21/A1
 sa1   DS   U_I693/ZN
 sa1   --   U_I21/A2
 sa0   DS   U_I590/A1
 sa0   DS   U_I590/A2
 sa0   DS   U_I693/A1
 sa0   DS   U_I689/A1
 sa0   DS   U_I467/ZN
 sa1   --   U_I467/A
 sa0   --   U_I1132_2/A2
 sa1   DI   U_TxHInHS1/seq_SDFF_X10/nextstate
 sa0   DI   U_TxHInHS1/seq_SDFF_X10/nextstate
 sa1   DI   U_TxHInHS1/seq_SDFF_X10/CK
 sa0   DI   U_TxHInHS1/seq_SDFF_X10/CK
 sa1   DI   U_TxHInHS1/seq_SDFF_X10/IQ
 sa0   DI   U_LoadOHHS1/seq_SDFF_X10/IQ
 sa1   DS   U_I573/A1
 sa1   DS   U_I1143_2/A1
 sa1   DS   U_I1143_1/A1
 sa0   DS   U_I596/A1
 sa0   DS   U_I695/A1
 sa1   DS   U_I22/ZN
 sa0   --   U_I22/A4
 sa0   --   U_I22/A2
 sa0   --   U_I22/A3
 sa0   --   U_I22/A1
 sa0   --   U_I695/ZN
 sa1   --   U_I695/A2
 sa1   --   U_I695/A1
 sa0   --   U_I697/ZN
 sa1   --   U_I697/A1
 sa1   --   U_I697/A2
 sa0   --   U_I699/ZN
 sa1   --   U_I699/A1
 sa1   --   U_I699/A2
 sa1   --   U_I1140_1/ZN
 sa1   --   U_I1143_1/ZN
 sa1   --   U_I1143_2/ZN
 sa1   DS   U_I596/ZN
 sa1   --   U_I1143_2/A2
 sa0   DS   U_I1143_1/ZN
 sa0   --   U_I1143_1/A2
 sa0   --   U_I1143_1/A1
 sa0   --   U_I699/A1
 sa1   DS   U_I1143_1/A2
 sa0   DS   U_I1140_1/ZN
 sa0   --   U_I1140_1/A1
 sa0   --   U_I1140_1/A2
 sa0   --   U_I573/ZN
 sa0   --   U_I697/A2
 sa1   DS   U_I1140_1/A1
 sa1   DS   U_I573/ZN
 sa0   --   U_I573/A1
 sa0   --   U_I573/A2
 sa1   --   U_I1140_1/A2
 sa1   DS   U_I573/A2
 sa0   DS   U_I22/ZN
 sa1   DS   U_I699/ZN
 sa1   --   U_I22/A1
 sa1   DS   U_I695/ZN
 sa1   --   U_I22/A2
 sa1   DS   U_I697/ZN
 sa1   --   U_I22/A3
 sa1   DS   U_I22/A4
 sa0   DS   U_I596/A2
 sa0   DS   U_I695/A2
 sa0   DS   U_I697/A1
 sa0   DS   U_I1143_2/ZN
 sa0   --   U_I1143_2/A1
 sa0   --   U_I1143_2/A2
 sa0   --   U_I596/ZN
 sa1   --   U_I596/A2
 sa1   --   U_I596/A1
 sa0   --   U_I699/A2
 sa1   DI   U_LoadOHHS1/seq_SDFF_X10/nextstate
 sa0   DI   U_LoadOHHS1/seq_SDFF_X10/nextstate
 sa1   DI   U_LoadOHHS1/seq_SDFF_X10/CK
 sa0   DI   U_LoadOHHS1/seq_SDFF_X10/CK
 sa1   DI   U_LoadOHHS1/seq_SDFF_X10/IQ
 sa0   DI   U_LoadIHHS1/seq_SDFF_X10/IQ
 sa1   DS   U_I1037_1/ZN
 sa1   --   U_I1037_1/A1
 sa1   --   U_I1037_1/A2
 sa1   --   U_I562/A1
 sa0   DS   U_I1037_1/A2
 sa1   DS   U_I700/A1
 sa1   DS   U_I23/ZN
 sa0   --   U_I23/A
 sa0   --   U_I300/ZN
 sa1   --   U_I300/A1
 sa1   --   U_I300/A2
 sa1   --   U_I700/ZN
 sa0   --   U_I700/A1
 sa0   --   U_I700/A2
 sa1   --   U_I810_1/ZN
 sa0   DS   U_I810_1/ZN
 sa0   --   U_I810_1/A1
 sa0   --   U_I810_1/A2
 sa0   --   U_I562/ZN
 sa0   --   U_I300/A2
 sa1   DS   U_I810_1/A1
 sa1   DS   U_I562/ZN
 sa0   --   U_I562/A1
 sa0   --   U_I562/A2
 sa0   --   U_I1037_1/ZN
 sa1   --   U_I810_1/A2
 sa0   DS   U_I1037_1/A1
 sa1   DS   U_I562/A2
 sa0   DS   U_I700/ZN
 sa0   --   U_I300/A1
 sa1   DS   U_I700/A2
 sa0   DS   U_I23/ZN
 sa1   --   U_I23/A
 sa1   --   U_I300/ZN
 sa1   DI   U_LoadIHHS1/seq_SDFF_X10/nextstate
 sa0   DI   U_LoadIHHS1/seq_SDFF_X10/nextstate
 sa1   DI   U_LoadIHHS1/seq_SDFF_X10/CK
 sa0   DI   U_LoadIHHS1/seq_SDFF_X10/CK
 sa1   DI   U_LoadIHHS1/seq_SDFF_X10/IQ
 sa0   DI   U_SeOutAvHS1/seq_SDFF_X10/IQ
 sa1   DS   U_I24/ZN
 sa0   DS   U_I24/A1
 sa0   DS   U_I24/A2
 sa0   DS   U_I24/ZN
 sa1   --   U_I24/A1
 sa1   --   U_I24/A2
 sa1   DI   U_SeOutAvHS1/seq_SDFF_X10/nextstate
 sa0   DI   U_SeOutAvHS1/seq_SDFF_X10/nextstate
 sa1   DI   U_SeOutAvHS1/seq_SDFF_X10/CK
 sa0   DI   U_SeOutAvHS1/seq_SDFF_X10/CK
 sa1   DI   U_SeOutAvHS1/seq_SDFF_X10/IQ
 sa0   DI   U_SeFullOHS1/seq_SDFF_X10/IQ
 sa1   DS   OutputHS1
 sa1   --   U_I1040_1/A1
 sa0   DS   U_I444/ZN
 sa1   --   U_I444/A
 sa0   --   U_I565/A1
 sa1   DS   U_I1148_1/ZN
 sa1   --   U_I1148_1/A1
 sa1   --   U_I1148_1/A2
 sa1   --   U_I565/ZN
 sa1   --   U_I702/A1
 sa0   DS   U_I814_1/A1
 sa0   DS   U_I1151_1/A2
 sa0   DS   U_I1040_1/ZN
 sa0   --   U_I1040_1/A1
 sa0   --   U_I1040_1/A2
 sa0   --   OutputHS1
 sa0   --   U_I565/A2
 sa0   DS   U_I565/ZN
 sa1   --   U_I565/A1
 sa1   --   U_I565/A2
 sa1   --   U_I444/ZN
 sa0   --   U_I444/A
 sa1   --   U_I1040_1/ZN
 sa0   --   U_I1148_1/A2
 sa0   DS   U_I405/ZN
 sa1   --   U_I405/A
 sa0   --   U_I1151_1/A1
 sa1   DS   U_I1151_1/ZN
 sa1   --   U_I1151_1/A1
 sa1   --   U_I1151_1/A2
 sa1   --   U_I405/ZN
 sa0   --   U_I405/A
 sa1   --   U_I704/A1
 sa1   DS   U_I1040_1/A2
 sa1   DS   U_I25/ZN
 sa0   --   U_I25/A2
 sa0   --   U_I25/A1
 sa0   --   U_I767/ZN
 sa1   --   U_I767/A2
 sa1   --   U_I767/A1
 sa0   --   U_I814_1/ZN
 sa1   --   U_I702/ZN
 sa0   --   U_I702/A2
 sa0   --   U_I702/A1
 sa1   --   U_I704/ZN
 sa0   --   U_I704/A2
 sa0   --   U_I704/A1
 sa0   --   U_I1148_1/ZN
 sa0   --   U_I1151_1/ZN
 sa0   DS   U_I1148_1/A1
 sa1   DS   U_I814_1/ZN
 sa1   --   U_I814_1/A1
 sa1   --   U_I814_1/A2
 sa1   --   U_I25/A1
 sa0   DS   U_I814_1/A2
 sa0   DS   U_I702/ZN
 sa0   --   U_I767/A2
 sa1   DS   U_I702/A2
 sa0   DS   U_I704/ZN
 sa0   --   U_I767/A1
 sa1   DS   U_I704/A2
 sa0   DS   U_I25/ZN
 sa1   DS   U_I767/ZN
 sa1   --   U_I25/A2
 sa1   DI   U_SeFullOHS1/seq_SDFF_X10/nextstate
 sa0   DI   U_SeFullOHS1/seq_SDFF_X10/nextstate
 sa1   DI   U_SeFullOHS1/seq_SDFF_X10/CK
 sa0   DI   U_SeFullOHS1/seq_SDFF_X10/CK
 sa1   DI   U_SeFullOHS1/seq_SDFF_X10/IQ
 sa0   DI   U_SeFullIHS1/seq_SDFF_X10/IQ
 sa0   DS   U_I1154_1/A1
 sa1   DS   U_I1157_1/ZN
 sa1   --   U_I1157_1/A1
 sa1   --   U_I1157_1/A2
 sa1   --   U_I599/ZN
 sa0   --   U_I599/A1
 sa0   --   U_I599/A2
 sa1   --   U_I708/A1
 sa1   DS   U_I706/A2
 sa1   DS   U_I599/A1
 sa1   DS   U_I26/ZN
 sa0   --   U_I26/A
 sa0   --   U_I303/ZN
 sa1   --   U_I303/A1
 sa1   --   U_I303/A2
 sa1   --   U_I706/ZN
 sa0   --   U_I706/A1
 sa0   --   U_I706/A2
 sa1   --   U_I708/ZN
 sa0   --   U_I708/A1
 sa0   --   U_I708/A2
 sa0   --   U_I1154_1/ZN
 sa0   --   U_I1157_1/ZN
 sa1   DS   U_I1154_1/ZN
 sa1   --   U_I1154_1/A1
 sa1   --   U_I1154_1/A2
 sa1   --   U_I706/A1
 sa0   DS   U_I1154_1/A2
 sa0   DS   U_I1157_1/A1
 sa0   DS   U_I599/ZN
 sa0   --   U_I1157_1/A2
 sa0   DS   U_I706/ZN
 sa0   --   U_I303/A1
 sa1   DS   U_I599/A2
 sa0   DS   U_I708/ZN
 sa0   --   U_I303/A2
 sa1   DS   U_I708/A2
 sa0   DS   U_I26/ZN
 sa1   --   U_I26/A
 sa1   --   U_I303/ZN
 sa1   DI   U_SeFullIHS1/seq_SDFF_X10/nextstate
 sa0   DI   U_SeFullIHS1/seq_SDFF_X10/nextstate
 sa1   DI   U_SeFullIHS1/seq_SDFF_X10/CK
 sa0   DI   U_SeFullIHS1/seq_SDFF_X10/CK
 sa1   DI   U_SeFullIHS1/seq_SDFF_X10/IQ
 sa0   DI   U_TgWhBufHS1/seq_SDFF_X10/IQ
 sa1   DS   U_I27/ZN
 sa0   DS   U_I27/A1
 sa0   DS   U_I27/A2
 sa0   DS   U_I27/ZN
 sa1   --   U_I27/A1
 sa1   --   U_I27/A2
 sa1   DI   U_TgWhBufHS1/seq_SDFF_X10/nextstate
 sa0   DI   U_TgWhBufHS1/seq_SDFF_X10/nextstate
 sa1   DI   U_TgWhBufHS1/seq_SDFF_X10/CK
 sa0   DI   U_TgWhBufHS1/seq_SDFF_X10/CK
 sa1   DI   U_TgWhBufHS1/seq_SDFF_X10/IQ
 sa0   DI   U_ReWhBufHS1/seq_SDFF_X10/IQ
 sa1   DS   U_I28/ZN
 sa0   DS   U_I28/A1
 sa0   DS   U_I28/A2
 sa0   DS   U_I28/ZN
 sa1   --   U_I28/A1
 sa1   --   U_I28/A2
 sa1   DI   U_ReWhBufHS1/seq_SDFF_X10/nextstate
 sa0   DI   U_ReWhBufHS1/seq_SDFF_X10/nextstate
 sa1   DI   U_ReWhBufHS1/seq_SDFF_X10/CK
 sa0   DI   U_ReWhBufHS1/seq_SDFF_X10/CK
 sa1   DI   U_ReWhBufHS1/seq_SDFF_X10/IQ
 sa0   DI   U_LdProgHS1/seq_SDFF_X10/IQ
 sa0   DS   U_I29/A1
 sa0   DS   U_I29/ZN
 sa1   --   U_I29/A1
 sa1   --   U_I29/A2
 sa1   --   U_I29/A3
 sa1   DS   U_I29/ZN
 sa0   DS   U_I29/A2
 sa0   DS   U_I29/A3
 sa1   DI   U_LdProgHS1/seq_SDFF_X10/nextstate
 sa0   DI   U_LdProgHS1/seq_SDFF_X10/nextstate
 sa1   DI   U_LdProgHS1/seq_SDFF_X10/CK
 sa0   DI   U_LdProgHS1/seq_SDFF_X10/CK
 sa1   DI   U_LdProgHS1/seq_SDFF_X10/IQ
 sa0   DI   test_so
 sa0   --   U_DumpIHS1/seq_SDFF_X10/IQ
 sa1   DI   test_so
 sa1   --   U_DumpIHS1/seq_SDFF_X10/IQ
 sa0   DI   U_DumpIHS1/seq_SDFF_X10/CK
 sa1   DS   U_I829_1/ZN
 sa1   --   U_I829_1/A1
 sa1   --   U_I829_1/A2
 sa1   --   U_I30/A1
 sa0   DS   U_I829_1/A1
 sa0   DS   U_I829_1/A2
 sa0   DS   U_I30/ZN
 sa1   DS   U_I30/A2
 sa1   DS   U_I30/ZN
 sa0   --   U_I30/A1
 sa0   --   U_I30/A2
 sa0   --   U_I829_1/ZN
 sa1   DI   U_DumpIHS1/seq_SDFF_X10/nextstate
 sa0   DI   U_DumpIHS1/seq_SDFF_X10/nextstate
 sa1   DI   U_DumpIHS1/seq_SDFF_X10/CK
 sa0   DS   Rdy1RtHS1
 sa1   DS   Rdy1RtHS1
 sa0   DS   Rdy2RtHS1
 sa1   DS   Rdy2RtHS1
 sa0   DS   Rdy1BmHS1
 sa1   DS   Rdy1BmHS1
 sa0   DS   Rdy2BmHS1
 sa1   DS   Rdy2BmHS1
 sa1   DS   InDoneHS1
 sa0   DS   InDoneHS1
 sa1   DS   U_I521/ZN
 sa0   --   U_I521/A1
 sa0   --   U_I521/A2
 sa0   --   RtTSHS1
 sa1   DS   RtTSHS1
 sa1   --   U_I521/A1
 sa0   DS   U_I521/ZN
 sa1   DS   U_I521/A2
 sa1   DS   U_I269/ZN
 sa0   --   U_I269/A
 sa0   --   TpArrayHS1
 sa0   DS   U_I269/ZN
 sa1   --   U_I269/A
 sa1   --   TpArrayHS1
 sa0   DS   WantBmHS1
 sa1   DS   WantBmHS1
 sa0   DS   WantRtHS1
 sa1   DS   WantRtHS1
 sa0   DS   OutAvHS1
 sa1   DS   OutAvHS1
 sa0   DS   FullOHS1
 sa1   DS   FullOHS1
 sa0   DS   FullIHS1
 sa1   DS   FullIHS1
 sa0   DS   Prog_2
 sa1   DS   Prog_2
 sa0   DS   Prog_1
 sa1   DS   Prog_1
 sa1   DS   Prog_0
 sa0   DS   Prog_0
 sa0   DS   U_I265/ZN
 sa1   --   U_I265/A
 sa1   DS   U_I265/ZN
 sa0   --   U_I265/A
 sa1   DS   U_I266/ZN
 sa0   --   U_I266/A
 sa0   DS   U_I266/ZN
 sa1   --   U_I266/A
 sa0   DS   U_I263/ZN
 sa1   --   U_I263/A
 sa1   DS   U_I263/ZN
 sa0   --   U_I263/A
 sa0   DS   U_I264/ZN
 sa1   --   U_I264/A
 sa1   DS   U_I264/ZN
 sa0   --   U_I264/A
 sa1   DS   U_I271/ZN
 sa0   --   U_I271/A
 sa0   DS   U_I271/ZN
 sa1   --   U_I271/A
 sa0   DS   U_I272/ZN
 sa1   --   U_I272/A
 sa1   DS   U_I272/ZN
 sa0   --   U_I272/A
 sa0   DS   U_I284/ZN
 sa1   --   U_I284/A
 sa1   DS   U_I284/ZN
 sa0   --   U_I284/A
 sa1   DS   U_I283/ZN
 sa0   --   U_I283/A
 sa0   DS   U_I283/ZN
 sa1   --   U_I283/A
 sa0   DS   U_I282/ZN
 sa1   --   U_I282/A
 sa1   DS   U_I282/ZN
 sa0   --   U_I282/A
 sa0   DS   U_I275/ZN
 sa1   --   U_I275/A
 sa1   DS   U_I275/ZN
 sa0   --   U_I275/A
 sa0   DS   U_I274/ZN
 sa1   --   U_I274/A
 sa1   DS   U_I274/ZN
 sa0   --   U_I274/A
 sa0   DS   U_I281/ZN
 sa1   --   U_I281/A
 sa1   DS   U_I281/ZN
 sa0   --   U_I281/A
 sa0   DS   U_I280/ZN
 sa1   --   U_I280/A
 sa1   DS   U_I280/ZN
 sa0   --   U_I280/A
 sa0   DS   U_I279/ZN
 sa1   --   U_I279/A
 sa1   DS   U_I279/ZN
 sa0   --   U_I279/A
 sa0   DS   U_I278/ZN
 sa1   --   U_I278/A
 sa1   DS   U_I278/ZN
 sa0   --   U_I278/A
 sa1   DS   U_I277/ZN
 sa0   --   U_I277/A
 sa0   DS   U_I277/ZN
 sa1   --   U_I277/A
 sa0   DS   U_I276/ZN
 sa1   --   U_I276/A
 sa1   DS   U_I276/ZN
 sa0   --   U_I276/A
 sa0   DS   U_I267/ZN
 sa1   --   U_I267/A
 sa1   DS   U_I267/ZN
 sa0   --   U_I267/A
 sa1   DS   U_I873_1/A2
 sa0   DS   U_I873_1/ZN
 sa0   --   U_I873_1/A1
 sa0   --   U_I873_1/A2
 sa0   --   U_I353/A2
 sa1   DS   U_I873_1/A1
 sa1   DS   U_I353/ZN
 sa0   DS   U_I344/ZN
 sa1   --   U_I344/A
 sa0   --   U_I353/A1
 sa0   DS   U_I353/ZN
 sa1   --   U_I353/A1
 sa1   --   U_I353/A2
 sa1   --   U_I344/ZN
 sa0   --   U_I344/A
 sa1   --   U_I873_1/ZN
 sa0   DS   U_I327/ZN
 sa1   --   U_I327/A
 sa1   DS   U_I327/ZN
 sa0   --   U_I327/A
 sa0   DS   U_I625/ZN
 sa1   --   U_I625/A
 sa1   --   U_I624/ZN
 sa0   --   U_I892_2/A2
 sa0   DS   U_I892_1/A1
 sa0   DS   U_I892_2/A1
 sa0   DS   U_I624/A1
 sa0   DS   U_I624/A2
 sa1   DS   U_I892_2/ZN
 sa1   --   U_I892_2/A1
 sa1   --   U_I892_2/A2
 sa1   --   U_I625/ZN
 sa0   --   U_I625/A
 sa0   --   U_I624/ZN
 sa1   --   U_I624/A1
 sa1   --   U_I624/A2
 sa1   --   U_I372/A2
 sa1   DS   U_I372/ZN
 sa0   --   U_I372/A1
 sa0   --   U_I372/A2
 sa0   --   U_I892_1/ZN
 sa0   --   U_I892_2/ZN
 sa1   --   U_I481/A1
 sa1   DS   U_I892_1/ZN
 sa1   --   U_I892_1/A1
 sa1   --   U_I892_1/A2
 sa1   --   U_I372/A1
 sa0   DS   U_I892_1/A2
 sa1   DS   U_I481/ZN
 sa0   --   U_I481/A2
 sa0   --   U_I481/A1
 sa0   --   U_I372/ZN
 sa0   DS   U_I481/ZN
 sa1   DS   U_I481/A2
 sa0   DS   U_I614/A2
 sa0   DS   U_I850_2/ZN
 sa0   --   U_I850_2/A1
 sa0   --   U_I850_2/A2
 sa0   --   U_I614/ZN
 sa1   --   U_I614/A1
 sa1   --   U_I614/A2
 sa0   --   U_I333/A2
 sa1   DS   U_I850_2/A1
 sa0   DS   U_I610/A1
 sa0   DS   U_I612/A2
 sa0   DS   U_I850_1/ZN
 sa0   --   U_I850_1/A1
 sa0   --   U_I850_1/A2
 sa0   --   U_I610/ZN
 sa1   --   U_I610/A1
 sa1   --   U_I610/A2
 sa0   --   U_I612/ZN
 sa1   --   U_I612/A1
 sa1   --   U_I612/A2
 sa0   --   U_I333/A1
 sa1   DS   U_I610/ZN
 sa1   --   U_I850_1/A1
 sa0   DS   U_I610/A2
 sa0   DS   U_I634/A1
 sa1   DS   U_I403/ZN
 sa0   --   U_I403/A1
 sa0   --   U_I403/A2
 sa0   --   U_I403/A3
 sa0   --   U_I634/ZN
 sa1   --   U_I634/A1
 sa1   --   U_I634/A2
 sa0   --   U_I494/ZN
 sa1   --   U_I494/A
 sa1   --   U_I333/ZN
 sa1   DS   U_I494/ZN
 sa0   --   U_I494/A
 sa1   --   U_I403/A3
 sa0   DS   U_I333/ZN
 sa1   --   U_I333/A1
 sa1   --   U_I333/A2
 sa1   --   U_I850_1/ZN
 sa1   --   U_I850_2/ZN
 sa0   --   U_I634/A2
 sa1   DS   U_I612/ZN
 sa1   --   U_I850_1/A2
 sa1   DS   U_I614/ZN
 sa1   --   U_I850_2/A2
 sa0   DS   U_I403/ZN
 sa1   DS   U_I634/ZN
 sa1   --   U_I403/A1
 sa1   DS   U_I403/A2
 sa0   DS   U_I612/A1
 sa0   DS   U_I614/A1
 sa0   DS   U_I513/ZN
 sa1   --   U_I513/A
 sa0   --   U_I548/A2
 sa0   DS   U_I548/A1
 sa0   DS   U_I548/ZN
 sa1   --   U_I548/A1
 sa1   --   U_I548/A2
 sa1   --   U_I513/ZN
 sa0   --   U_I513/A
 sa1   DS   U_I548/ZN
 sa0   DS   U_I508/ZN
 sa1   --   U_I508/A
 sa1   DS   U_I508/ZN
 sa0   --   U_I508/A
 sa0   DS   U_I571/ZN
 sa1   --   U_I571/A
 sa1   DS   U_I571/ZN
 sa0   --   U_I571/A
 sa1   DS   U_I331/ZN
 sa0   --   U_I331/A
 sa0   DS   U_I331/ZN
 sa1   --   U_I331/A
 sa0   DS   U_I441/ZN
 sa1   --   U_I441/A
 sa1   DS   U_I441/ZN
 sa0   --   U_I441/A
 sa0   DS   U_I504/ZN
 sa1   --   U_I504/A
 sa1   DS   U_I504/ZN
 sa0   --   U_I504/A
 sa1   DS   U_I342/ZN
 sa0   --   U_I342/A
 sa0   DS   U_I342/ZN
 sa1   --   U_I342/A
 sa0   DS   U_I486/ZN
 sa1   --   U_I486/A
 sa1   DS   U_I486/ZN
 sa0   --   U_I486/A
 sa0   DS   U_I437/ZN
 sa1   --   U_I437/A
 sa0   --   U_I412/A2
 sa0   DS   U_I412/ZN
 sa1   --   U_I412/A1
 sa1   --   U_I412/A2
 sa1   --   U_I437/ZN
 sa0   --   U_I437/A
 sa1   DS   U_I412/ZN
 sa0   DS   U_I412/A1
 sa0   DS   U_I451/ZN
 sa1   --   U_I451/A
 sa1   DS   U_I451/ZN
 sa0   --   U_I451/A
 sa0   DS   U_I459/ZN
 sa1   --   U_I459/A
 sa0   --   U_I388/A2
 sa0   DS   U_I388/ZN
 sa1   --   U_I388/A2
 sa1   --   U_I388/A1
 sa1   --   U_I459/ZN
 sa0   --   U_I459/A
 sa1   DS   U_I388/ZN
 sa0   DS   U_I388/A1
 sa0   DS   U_I416/A1
 sa0   DS   U_I416/ZN
 sa1   --   U_I416/A1
 sa1   --   U_I416/A2
 sa1   --   U_I535/ZN
 sa0   --   U_I535/A
 sa0   DS   U_I535/ZN
 sa1   --   U_I535/A
 sa0   --   U_I416/A2
 sa1   DS   U_I416/ZN
 sa0   DS   U_I390/ZN
 sa1   --   U_I390/A
 sa1   --   U_I391/ZN
 sa0   DS   U_I881_1/A2
 sa0   DS   U_I881_2/A2
 sa0   DS   U_I391/A1
 sa1   DS   U_I360/ZN
 sa0   --   U_I360/A1
 sa0   --   U_I360/A2
 sa0   --   U_I881_1/ZN
 sa0   --   U_I881_2/ZN
 sa1   --   U_I910_1/A2
 sa0   DS   U_I881_1/A1
 sa1   DS   U_I881_2/ZN
 sa1   --   U_I881_2/A1
 sa1   --   U_I881_2/A2
 sa1   --   U_I360/A2
 sa0   DS   U_I881_2/A1
 sa1   DS   U_I390/ZN
 sa0   --   U_I390/A
 sa0   --   U_I391/ZN
 sa1   --   U_I391/A1
 sa1   --   U_I391/A2
 sa1   --   U_I910_1/ZN
 sa0   DS   U_I910_1/ZN
 sa0   --   U_I910_1/A1
 sa0   --   U_I910_1/A2
 sa0   --   U_I360/ZN
 sa0   --   U_I391/A2
 sa1   DS   U_I910_1/A1
 sa1   DS   U_I881_1/ZN
 sa1   --   U_I881_1/A1
 sa1   --   U_I881_1/A2
 sa1   --   U_I360/A1
 sa0   DS   U_I341/ZN
 sa1   --   U_I341/A
 sa1   --   U_I340/ZN
 sa0   --   U_I340/A1
 sa0   --   U_I340/A2
 sa0   --   U_I861_1/ZN
 sa0   --   U_I861_2/ZN
 sa0   --   U_I408/A1
 sa0   DS   U_I861_2/A1
 sa1   DS   U_I861_1/ZN
 sa1   --   U_I861_1/A1
 sa1   --   U_I861_1/A2
 sa1   --   U_I340/A1
 sa0   DS   U_I408/ZN
 sa1   --   U_I408/A2
 sa1   --   U_I408/A3
 sa1   --   U_I408/A1
 sa1   --   U_I435/ZN
 sa0   --   U_I435/A
 sa1   --   U_I341/ZN
 sa0   --   U_I341/A
 sa0   --   U_I340/ZN
 sa0   DS   U_I435/ZN
 sa1   --   U_I435/A
 sa0   --   U_I408/A2
 sa1   DS   U_I861_2/ZN
 sa1   --   U_I861_2/A1
 sa1   --   U_I861_2/A2
 sa1   --   U_I340/A2
 sa0   DS   U_I861_2/A2
 sa0   DS   U_I861_1/A1
 sa0   DS   U_I861_1/A2
 sa1   DS   U_I408/ZN
 sa0   DS   U_I408/A3
 sa0   DS   U_I397/ZN
 sa1   --   U_I397/A
 sa1   DS   U_I397/ZN
 sa0   --   U_I397/A
 sa0   DS   U_I415/ZN
 sa1   --   U_I415/A
 sa1   DS   U_I415/ZN
 sa0   --   U_I415/A
 sa0   DS   U_I469/ZN
 sa1   --   U_I469/A
 sa1   --   U_I468/ZN
 sa0   DS   U_I386/ZN
 sa1   --   U_I386/A1
 sa1   --   U_I386/A2
 sa0   --   U_I468/A2
 sa0   DS   U_I386/A2
 sa1   DS   U_I469/ZN
 sa0   --   U_I469/A
 sa0   --   U_I468/ZN
 sa1   --   U_I468/A1
 sa1   --   U_I468/A3
 sa1   --   U_I468/A2
 sa1   --   U_I386/ZN
 sa0   DS   U_I386/A1
 sa0   DS   U_I468/A1
 sa0   DS   U_I468/A3
 sa0   DS   U_I16/ZN
 sa1   --   U_I16/A
 sa1   DS   U_I16/ZN
 sa0   --   U_I16/A
 sa0   DS   U_I367/ZN
 sa1   --   U_I367/A
 sa1   --   U_I366/ZN
 sa1   DS   U_I367/ZN
 sa0   --   U_I367/A
 sa0   --   U_I366/ZN
 sa1   --   U_I366/A1
 sa1   --   U_I366/A2
 sa1   --   U_I366/A3
 sa0   DS   U_I366/A1
 sa0   DS   U_I366/A2
 sa0   DS   U_I366/A3
 sa0   DS   U_I431/ZN
 sa1   --   U_I431/A
 sa1   DS   U_I431/ZN
 sa0   --   U_I431/A
 sa0   DS   U_I377/ZN
 sa1   --   U_I377/A
 sa1   DS   U_I377/ZN
 sa0   --   U_I377/A
 sa1   DS   U_I359/A1
 sa1   DS   U_I359/A3
 sa1   DS   U_I359/A2
 sa0   DS   U_I358/ZN
 sa1   --   U_I358/A
 sa1   --   U_I359/ZN
 sa0   --   U_I359/A1
 sa0   --   U_I359/A2
 sa0   --   U_I359/A3
 sa1   DS   U_I358/ZN
 sa0   --   U_I358/A
 sa0   --   U_I359/ZN
 sa1   DS   U_I411/A3
 sa1   DS   U_I411/A1
 sa0   DS   U_I410/ZN
 sa1   --   U_I410/A
 sa1   --   U_I411/ZN
 sa0   --   U_I411/A1
 sa0   --   U_I411/A2
 sa0   --   U_I411/A3
 sa1   DS   U_I410/ZN
 sa0   --   U_I410/A
 sa0   --   U_I411/ZN
 sa1   DS   U_I411/A2
 sa0   DS   U_I355/ZN
 sa1   --   U_I355/A
 sa1   DS   U_I355/ZN
 sa0   --   U_I355/A
 sa0   DS   U_I379/ZN
 sa1   --   U_I379/A
 sa0   --   U_I364/A2
 sa0   DS   U_I364/A3
 sa0   DS   U_I364/ZN
 sa1   --   U_I364/A1
 sa1   --   U_I364/A2
 sa1   --   U_I364/A3
 sa1   --   U_I379/ZN
 sa0   --   U_I379/A
 sa1   DS   U_I364/ZN
 sa0   DS   U_I364/A1
 sa0   DS   U_I329/ZN
 sa1   --   U_I329/A
 sa1   DS   U_I329/ZN
 sa0   --   U_I329/A
 sa1   DS   U_I446/ZN
 sa0   --   U_I446/A
 sa0   DS   U_I446/ZN
 sa1   --   U_I446/A
 sa0   DS   U_I477/ZN
 sa1   --   U_I477/A
 sa1   --   U_I476/ZN
 sa1   DS   U_I477/ZN
 sa0   --   U_I477/A
 sa0   --   U_I476/ZN
 sa1   --   U_I476/A1
 sa1   --   U_I476/A2
 sa0   DS   U_I476/A1
 sa0   DS   U_I476/A2
 sa0   DS   U_I351/ZN
 sa1   --   U_I351/A
 sa1   --   U_I350/ZN
 sa1   DS   U_I351/ZN
 sa0   --   U_I351/A
 sa0   --   U_I350/ZN
 sa1   --   U_I350/A2
 sa1   --   U_I350/A1
 sa0   DS   U_I350/A1
 sa0   DS   U_I350/A2
 sa1   DS   U_I325/ZN
 sa1   DS   U_I840_2/A1
 sa1   DS   U_I840_1/A2
 sa0   DS   U_I840_2/ZN
 sa0   --   U_I840_2/A1
 sa0   --   U_I840_2/A2
 sa0   --   U_I325/A2
 sa0   DS   U_I325/ZN
 sa1   --   U_I325/A1
 sa1   --   U_I325/A2
 sa1   --   U_I840_1/ZN
 sa1   --   U_I840_2/ZN
 sa1   DS   U_I840_2/A2
 sa0   DS   U_I840_1/ZN
 sa0   --   U_I840_1/A1
 sa0   --   U_I840_1/A2
 sa0   --   U_I325/A1
 sa1   DS   U_I840_1/A1
 sa1   DS   U_I338/ZN
 sa0   --   U_I338/A1
 sa0   --   U_I338/A2
 sa0   --   U_I857_1/ZN
 sa1   DS   U_I338/A2
 sa1   DS   U_I857_1/ZN
 sa1   --   U_I857_1/A1
 sa1   --   U_I857_1/A2
 sa1   --   U_I338/A1
 sa0   DS   U_I857_1/A1
 sa0   DS   U_I857_1/A2
 sa0   DS   U_I338/ZN
 sa1   DS   U_I318/ZN
 sa0   --   U_I318/A2
 sa0   --   U_I318/A1
 sa0   --   U_I834_1/ZN
 sa1   DS   U_I834_1/ZN
 sa1   --   U_I834_1/A1
 sa1   --   U_I834_1/A2
 sa1   --   U_I318/A1
 sa0   DS   U_I834_1/A1
 sa0   DS   U_I834_1/A2
 sa0   DS   U_I318/ZN
 sa1   DS   U_I318/A2
 sa1   DS   U_I374/ZN
 sa0   --   U_I374/A1
 sa0   --   U_I374/A2
 sa0   --   U_I896_1/ZN
 sa1   --   U_I445/A1
 sa1   DS   U_I896_1/ZN
 sa1   --   U_I896_1/A1
 sa1   --   U_I896_1/A2
 sa1   --   U_I374/A1
 sa0   DS   U_I896_1/A1
 sa0   DS   U_I896_1/A2
 sa1   DS   U_I445/ZN
 sa0   --   U_I445/A2
 sa0   --   U_I445/A1
 sa0   --   U_I374/ZN
 sa1   DS   U_I374/A2
 sa0   DS   U_I445/ZN
 sa1   DS   U_I445/A2
 sa0   DS   U_I357/ZN
 sa1   DS   U_I357/A1
 sa1   DS   U_I357/ZN
 sa0   --   U_I357/A1
 sa0   --   U_I357/A2
 sa1   DS   U_I357/A2
 sa0   DS   U_I345/ZN
 sa1   DS   U_I345/ZN
 sa0   --   U_I345/A1
 sa0   --   U_I345/A2
 sa1   DS   U_I345/A1
 sa1   DS   U_I345/A2
 sa0   DS   U_I519/ZN
 sa1   DS   U_I519/A1
 sa1   DS   U_I519/ZN
 sa0   --   U_I519/A1
 sa0   --   U_I519/A2
 sa1   DS   U_I519/A2
 sa0   DS   U_I317/ZN
 sa1   DS   U_I317/ZN
 sa0   --   U_I317/A1
 sa0   --   U_I317/A2
 sa1   DS   U_I317/A1
 sa1   DS   U_I317/A2
 sa0   DS   U_I511/ZN
 sa1   DS   U_I511/ZN
 sa0   --   U_I511/A1
 sa0   --   U_I511/A2
 sa1   DS   U_I511/A1
 sa1   DS   U_I511/A2
 sa1   DS   U_I543/ZN
 sa0   --   U_I543/A1
 sa0   --   U_I543/A2
 sa1   DS   U_I543/A2
 sa1   DS   U_I543/A1
 sa0   DS   U_I543/ZN
 sa0   DS   U_I473/ZN
 sa1   DS   U_I473/ZN
 sa0   --   U_I473/A1
 sa0   --   U_I473/A2
 sa1   DS   U_I473/A1
 sa1   DS   U_I473/A2
 sa0   DS   U_I493/ZN
 sa1   DS   U_I493/A1
 sa1   DS   U_I493/ZN
 sa0   --   U_I493/A1
 sa0   --   U_I493/A2
 sa1   DS   U_I493/A2
 sa0   DS   U_I537/ZN
 sa1   DS   U_I537/ZN
 sa0   --   U_I537/A1
 sa0   --   U_I537/A2
 sa1   DS   U_I537/A1
 sa1   DS   U_I537/A2
 sa0   DS   U_I575/ZN
 sa1   DS   U_I575/ZN
 sa0   --   U_I575/A1
 sa0   --   U_I575/A2
 sa1   DS   U_I575/A2
 sa1   DS   U_I575/A1
 sa0   DS   U_I523/ZN
 sa1   DS   U_I523/A1
 sa1   DS   U_I523/ZN
 sa0   --   U_I523/A1
 sa0   --   U_I523/A2
 sa1   DS   U_I523/A2
 sa1   DS   U_I539/ZN
 sa0   --   U_I539/A1
 sa0   --   U_I539/A2
 sa1   DS   U_I539/A2
 sa1   DS   U_I539/A1
 sa0   DS   U_I539/ZN
 sa0   DS   U_I495/ZN
 sa1   DS   U_I495/ZN
 sa0   --   U_I495/A1
 sa0   --   U_I495/A2
 sa1   DS   U_I495/A1
 sa1   DS   U_I495/A2
 sa0   DS   U_I335/ZN
 sa1   DS   U_I335/ZN
 sa0   --   U_I335/A1
 sa0   --   U_I335/A2
 sa1   DS   U_I335/A1
 sa1   DS   U_I335/A2
 sa0   DS   U_I525/ZN
 sa1   DS   U_I525/ZN
 sa0   --   U_I525/A1
 sa0   --   U_I525/A2
 sa1   DS   U_I525/A1
 sa1   DS   U_I525/A2
 sa0   DS   U_I509/ZN
 sa1   DS   U_I509/A1
 sa1   DS   U_I509/ZN
 sa0   --   U_I509/A1
 sa0   --   U_I509/A2
 sa1   DS   U_I509/A2
 sa1   DS   U_I336/ZN
 sa0   --   U_I336/A1
 sa0   --   U_I336/A2
 sa1   DS   U_I336/A2
 sa1   DS   U_I336/A1
 sa0   DS   U_I336/ZN
 sa0   DS   U_I330/ZN
 sa1   DS   U_I330/ZN
 sa0   --   U_I330/A1
 sa0   --   U_I330/A2
 sa1   DS   U_I330/A1
 sa1   DS   U_I330/A2
 sa0   DS   U_I439/ZN
 sa1   DS   U_I439/A1
 sa1   DS   U_I439/ZN
 sa0   --   U_I439/A1
 sa0   --   U_I439/A2
 sa1   DS   U_I439/A2
 sa0   DS   U_I457/ZN
 sa1   DS   U_I457/ZN
 sa0   --   U_I457/A1
 sa0   --   U_I457/A2
 sa1   DS   U_I457/A1
 sa1   DS   U_I457/A2
 sa0   DS   U_I461/ZN
 sa1   DS   U_I461/A1
 sa1   DS   U_I461/ZN
 sa0   --   U_I461/A1
 sa0   --   U_I461/A2
 sa1   DS   U_I461/A2
 sa0   DS   U_I320/ZN
 sa1   DS   U_I320/ZN
 sa0   --   U_I320/A1
 sa0   --   U_I320/A2
 sa1   DS   U_I320/A1
 sa1   DS   U_I320/A2
 sa0   DS   U_I455/ZN
 sa1   DS   U_I455/ZN
 sa0   --   U_I455/A1
 sa0   --   U_I455/A2
 sa1   DS   U_I455/A1
 sa1   DS   U_I455/A2
 sa0   DS   U_I489/ZN
 sa1   DS   U_I489/ZN
 sa0   --   U_I489/A1
 sa0   --   U_I489/A2
 sa1   DS   U_I489/A1
 sa1   DS   U_I489/A2
 sa0   DS   U_I505/ZN
 sa1   DS   U_I505/A1
 sa1   DS   U_I505/ZN
 sa0   --   U_I505/A1
 sa0   --   U_I505/A2
 sa1   DS   U_I505/A2
 sa0   DS   U_I343/ZN
 sa1   DS   U_I343/ZN
 sa0   --   U_I343/A1
 sa0   --   U_I343/A2
 sa0   --   U_I343/A3
 sa1   DS   U_I343/A3
 sa1   DS   U_I343/A1
 sa1   DS   U_I343/A2
 sa0   DS   U_I425/ZN
 sa1   DS   U_I425/A1
 sa1   DS   U_I425/A2
 sa1   DS   U_I425/A3
 sa1   DS   U_I425/ZN
 sa0   --   U_I425/A1
 sa0   --   U_I425/A2
 sa0   --   U_I425/A3
 sa0   DS   U_I487/ZN
 sa1   DS   U_I487/ZN
 sa0   --   U_I487/A1
 sa0   --   U_I487/A2
 sa1   DS   U_I487/A1
 sa1   DS   U_I487/A2
 sa0   DS   U_I485/ZN
 sa1   DS   U_I485/ZN
 sa0   --   U_I485/A1
 sa0   --   U_I485/A2
 sa1   DS   U_I485/A1
 sa1   DS   U_I485/A2
 sa0   DS   U_I491/ZN
 sa1   DS   U_I491/ZN
 sa0   --   U_I491/A1
 sa0   --   U_I491/A2
 sa1   DS   U_I491/A1
 sa1   DS   U_I491/A2
 sa0   DS   U_I323/ZN
 sa1   DS   U_I323/ZN
 sa0   --   U_I323/A1
 sa0   --   U_I323/A2
 sa0   --   U_I323/A3
 sa1   DS   U_I323/A1
 sa1   DS   U_I323/A2
 sa1   DS   U_I323/A3
 sa0   DS   U_I399/ZN
 sa1   DS   U_I399/ZN
 sa0   --   U_I399/A1
 sa0   --   U_I399/A2
 sa1   DS   U_I399/A1
 sa1   DS   U_I399/A2
 sa0   DS   U_I577/ZN
 sa1   DS   U_I577/ZN
 sa0   --   U_I577/A1
 sa0   --   U_I577/A3
 sa0   --   U_I577/A2
 sa1   DS   U_I577/A1
 sa1   DS   U_I577/A2
 sa1   DS   U_I577/A3
 sa0   DS   U_I429/ZN
 sa1   DS   U_I429/A2
 sa1   DS   U_I429/ZN
 sa0   --   U_I429/A1
 sa0   --   U_I429/A2
 sa1   DS   U_I429/A1
 sa0   DS   U_I449/ZN
 sa1   DS   U_I449/A2
 sa1   DS   U_I449/A3
 sa1   DS   U_I449/ZN
 sa0   --   U_I449/A1
 sa0   --   U_I449/A3
 sa0   --   U_I449/A2
 sa1   DS   U_I449/A1
 sa0   DS   U_I453/ZN
 sa1   DS   U_I453/ZN
 sa0   --   U_I453/A1
 sa0   --   U_I453/A3
 sa0   --   U_I453/A2
 sa1   DS   U_I453/A1
 sa1   DS   U_I453/A2
 sa1   DS   U_I453/A3
 sa0   DS   U_I503/ZN
 sa1   DS   U_I503/A1
 sa1   DS   U_I503/ZN
 sa0   --   U_I503/A1
 sa0   --   U_I503/A2
 sa1   DS   U_I503/A2
 sa0   DS   U_I551/ZN
 sa0   DS   U_I347/A1
 sa1   DS   U_I551/ZN
 sa0   --   U_I551/A1
 sa0   --   U_I551/A2
 sa0   --   U_I442/ZN
 sa1   --   U_I442/A1
 sa1   --   U_I442/A3
 sa1   --   U_I442/A2
 sa1   --   U_I347/ZN
 sa0   DS   U_I347/A2
 sa1   DS   U_I551/A1
 sa1   DS   U_I442/ZN
 sa1   --   U_I551/A2
 sa0   DS   U_I347/ZN
 sa1   --   U_I347/A1
 sa1   --   U_I347/A2
 sa0   --   U_I442/A2
 sa0   DS   U_I442/A1
 sa0   DS   U_I442/A3
 sa0   DS   U_I381/ZN
 sa1   DS   U_I381/ZN
 sa0   --   U_I381/A1
 sa0   --   U_I381/A2
 sa1   DS   U_I381/A1
 sa1   DS   U_I381/A2
 sa0   DS   U_I479/ZN
 sa1   DS   U_I479/ZN
 sa0   --   U_I479/A1
 sa0   --   U_I479/A2
 sa1   DS   U_I479/A1
 sa1   DS   U_I479/A2
 sa0   DS   U_I371/ZN
 sa1   DS   U_I371/ZN
 sa0   --   U_I371/A1
 sa0   --   U_I371/A2
 sa1   DS   U_I371/A1
 sa1   DS   U_I371/A2
 sa0   DS   U_I407/ZN
 sa1   DS   U_I407/A2
 sa1   DS   U_I407/ZN
 sa0   --   U_I407/A1
 sa0   --   U_I407/A2
 sa1   DS   U_I407/A1
 sa0   DS   U_I553/ZN
 sa1   DS   U_I553/A1
 sa1   DS   U_I553/ZN
 sa0   --   U_I553/A1
 sa0   --   U_I553/A2
 sa1   DS   U_I553/A2
 sa0   DS   U_I609/ZN
 sa0   --   U_I328/A1
 sa0   DS   U_I328/A3
 sa0   DS   U_I328/ZN
 sa1   --   U_I328/A1
 sa1   --   U_I328/A2
 sa1   --   U_I328/A3
 sa1   --   U_I609/ZN
 sa0   --   U_I609/A1
 sa0   --   U_I609/A2
 sa1   DS   U_I609/A1
 sa1   DS   U_I609/A2
 sa1   DS   U_I328/ZN
 sa0   DS   U_I328/A2
 sa0   DS   U_I447/ZN
 sa1   DS   U_I447/ZN
 sa0   --   U_I447/A1
 sa0   --   U_I447/A2
 sa1   DS   U_I447/A1
 sa1   DS   U_I447/A2
 sa0   DS   U_I545/ZN
 sa1   DS   U_I545/ZN
 sa0   --   U_I545/A1
 sa0   --   U_I545/A2
 sa1   DS   U_I545/A1
 sa1   DS   U_I545/A2
 sa0   DS   U_I421/ZN
 sa1   DS   U_I421/ZN
 sa0   --   U_I421/A1
 sa0   --   U_I421/A2
 sa1   DS   U_I421/A1
 sa1   DS   U_I421/A2
 sa0   DS   U_I517/ZN
 sa1   DS   U_I517/A1
 sa1   DS   U_I517/ZN
 sa0   --   U_I517/A1
 sa0   --   U_I517/A2
 sa1   DS   U_I517/A2
 sa0   DS   U_I547/ZN
 sa1   DS   U_I547/ZN
 sa0   --   U_I547/A1
 sa0   --   U_I547/A2
 sa1   DS   U_I547/A1
 sa1   DS   U_I547/A2
 sa0   DS   U_I326/ZN
 sa1   --   U_I326/A1
 sa1   --   U_I326/A2
 sa1   DS   U_I326/ZN
 sa0   DS   U_I326/A1
 sa0   DS   U_I326/A2
 sa0   DS   U_I514/ZN
 sa1   --   U_I514/A1
 sa1   --   U_I514/A2
 sa0   DS   U_I514/A1
 sa1   DS   U_I514/ZN
 sa0   DS   U_I514/A2
 sa0   DS   U_I506/ZN
 sa1   --   U_I506/A1
 sa1   --   U_I506/A2
 sa1   DS   U_I506/ZN
 sa0   DS   U_I506/A1
 sa0   DS   U_I506/A2
 sa0   DS   U_I512/ZN
 sa1   --   U_I512/A1
 sa1   --   U_I512/A2
 sa1   DS   U_I512/ZN
 sa0   DS   U_I512/A1
 sa0   DS   U_I512/A2
 sa0   DS   U_I570/ZN
 sa1   --   U_I570/A1
 sa1   --   U_I570/A2
 sa0   DS   U_I570/A2
 sa0   DS   U_I570/A1
 sa1   DS   U_I570/ZN
 sa0   DS   U_I315/A2
 sa0   DS   U_I315/ZN
 sa1   --   U_I315/A1
 sa1   --   U_I315/A2
 sa0   DS   U_I315/A1
 sa1   DS   U_I315/ZN
 sa0   DS   U_I394/A1
 sa0   DS   U_I394/A2
 sa0   DS   U_I394/A3
 sa0   DS   U_I394/ZN
 sa1   --   U_I394/A1
 sa1   --   U_I394/A2
 sa1   --   U_I394/A3
 sa1   DS   U_I394/ZN
 sa0   DS   U_I532/ZN
 sa1   --   U_I532/A1
 sa1   --   U_I532/A2
 sa1   DS   U_I532/ZN
 sa0   DS   U_I532/A1
 sa0   DS   U_I532/A2
 sa1   DS   U_I482/ZN
 sa0   DS   U_I482/A1
 sa0   DS   U_I482/A2
 sa0   DS   U_I482/A3
 sa0   DS   U_I482/ZN
 sa1   --   U_I482/A1
 sa1   --   U_I482/A2
 sa1   --   U_I482/A3
 sa0   DS   U_I440/A2
 sa0   DS   U_I440/ZN
 sa1   --   U_I440/A1
 sa1   --   U_I440/A2
 sa1   DS   U_I440/ZN
 sa0   DS   U_I440/A1
 sa0   DS   U_I436/ZN
 sa1   --   U_I436/A1
 sa1   --   U_I436/A2
 sa1   DS   U_I436/ZN
 sa0   DS   U_I436/A1
 sa0   DS   U_I436/A2
 sa0   DS   U_I450/ZN
 sa1   --   U_I450/A1
 sa1   --   U_I450/A2
 sa0   DS   U_I450/A2
 sa1   DS   U_I450/ZN
 sa0   DS   U_I450/A1
 sa0   DS   U_I458/A2
 sa0   DS   U_I458/ZN
 sa1   --   U_I458/A1
 sa1   --   U_I458/A2
 sa1   DS   U_I458/ZN
 sa0   DS   U_I458/A1
 sa0   DS   U_I470/ZN
 sa1   --   U_I470/A2
 sa1   --   U_I470/A3
 sa1   --   U_I470/A1
 sa1   DS   U_I470/ZN
 sa0   DS   U_I470/A1
 sa0   DS   U_I470/A2
 sa0   DS   U_I470/A3
 sa0   DS   U_I534/ZN
 sa1   --   U_I534/A1
 sa1   --   U_I534/A2
 sa1   DS   U_I534/ZN
 sa0   DS   U_I534/A1
 sa0   DS   U_I534/A2
 sa0   DS   U_I396/ZN
 sa1   --   U_I396/A1
 sa1   --   U_I396/A2
 sa1   DS   U_I396/ZN
 sa0   DS   U_I396/A1
 sa0   DS   U_I396/A2
 sa0   DS   U_I414/ZN
 sa1   --   U_I414/A1
 sa1   --   U_I414/A2
 sa1   --   U_I414/A3
 sa1   DS   U_I414/ZN
 sa0   DS   U_I414/A1
 sa0   DS   U_I414/A2
 sa0   DS   U_I414/A3
 sa0   DS   U_I382/ZN
 sa1   --   U_I382/A1
 sa1   --   U_I382/A2
 sa1   --   U_I382/A3
 sa0   DS   U_I382/A1
 sa1   DS   U_I382/ZN
 sa0   DS   U_I382/A2
 sa0   DS   U_I382/A3
 sa0   DS   U_I418/A2
 sa0   DS   U_I418/ZN
 sa1   --   U_I418/A1
 sa1   --   U_I418/A2
 sa1   DS   U_I418/ZN
 sa0   DS   U_I418/A1
 sa0   DS   U_I474/A2
 sa0   DS   U_I474/ZN
 sa1   --   U_I474/A1
 sa1   --   U_I474/A2
 sa1   DS   U_I474/ZN
 sa0   DS   U_I474/A1
 sa0   DS   U_I540/ZN
 sa1   --   U_I540/A1
 sa1   --   U_I540/A2
 sa1   --   U_I540/A3
 sa1   DS   U_I540/ZN
 sa0   DS   U_I540/A1
 sa0   DS   U_I540/A2
 sa0   DS   U_I540/A3
 sa0   DS   U_I430/ZN
 sa1   --   U_I430/A1
 sa1   --   U_I430/A2
 sa1   DS   U_I430/ZN
 sa0   DS   U_I430/A1
 sa0   DS   U_I430/A2
 sa0   DS   U_I432/ZN
 sa1   --   U_I432/A1
 sa1   --   U_I432/A2
 sa1   DS   U_I432/ZN
 sa0   DS   U_I432/A1
 sa0   DS   U_I432/A2
 sa0   DS   U_I500/A2
 sa0   DS   U_I500/ZN
 sa1   --   U_I500/A1
 sa1   --   U_I500/A2
 sa1   DS   U_I500/ZN
 sa0   DS   U_I500/A1
 sa0   DS   U_I434/ZN
 sa1   --   U_I434/A1
 sa1   --   U_I434/A2
 sa0   DS   U_I434/A2
 sa1   DS   U_I434/ZN
 sa0   DS   U_I434/A1
 sa0   DS   U_I466/ZN
 sa1   --   U_I466/A1
 sa1   --   U_I466/A2
 sa1   DS   U_I466/ZN
 sa0   DS   U_I466/A1
 sa0   DS   U_I466/A2
 sa0   DS   U_I376/ZN
 sa1   --   U_I376/A1
 sa1   --   U_I376/A2
 sa0   DS   U_I376/A1
 sa1   DS   U_I376/ZN
 sa0   DS   U_I376/A2
 sa0   DS   U_I354/ZN
 sa1   --   U_I354/A1
 sa1   --   U_I354/A2
 sa0   DS   U_I354/A2
 sa1   DS   U_I354/ZN
 sa0   DS   U_I354/A1
 sa0   DS   U_I362/ZN
 sa1   --   U_I362/A1
 sa1   --   U_I362/A2
 sa0   DS   U_I362/A1
 sa1   DS   U_I362/ZN
 sa0   DS   U_I362/A2
 sa0   DS   U_I384/ZN
 sa1   --   U_I384/A2
 sa1   --   U_I384/A3
 sa1   --   U_I384/A1
 sa0   DS   U_I384/A1
 sa1   DS   U_I384/ZN
 sa0   DS   U_I384/A2
 sa0   DS   U_I384/A3
 sa0   DS   U_I378/ZN
 sa1   --   U_I378/A1
 sa1   --   U_I378/A2
 sa1   DS   U_I378/ZN
 sa0   DS   U_I378/A1
 sa0   DS   U_I378/A2
 sa0   DS   U_I422/ZN
 sa1   --   U_I422/A1
 sa1   --   U_I422/A2
 sa1   DS   U_I422/ZN
 sa0   DS   U_I422/A1
 sa0   DS   U_I422/A2
 sa0   DS   U_I404/ZN
 sa1   --   U_I404/A1
 sa1   --   U_I404/A2
 sa0   DS   U_I404/A1
 sa1   DS   U_I404/ZN
 sa0   DS   U_I404/A2
 sa0   DS   ReWhBufHS1
 sa1   DS   ReWhBufHS1
 sa0   DS   TgWhBufHS1
 sa1   DS   TgWhBufHS1
 sa0   DS   SeOutAvHS1
 sa1   DS   SeOutAvHS1
 sa0   DS   LdProgHS1
 sa1   DS   LdProgHS1
 sa0   DS   Mode2HS1
 sa1   DS   Mode2HS1
 sa0   DS   ReRtTSHS1
 sa1   DS   ReRtTSHS1
 sa0   DS   ShftIRHS1
 sa1   DS   ShftIRHS1
 sa0   DS   NewTrHS1
 sa1   DS   NewTrHS1
 sa0   DS   Mode1HS1
 sa1   DS   Mode1HS1
 sa0   DS   ShftORHS1
 sa1   DS   ShftORHS1
 sa0   DS   ActRtHS1
 sa1   DS   ActRtHS1
 sa0   DS   Mode0HS1
 sa1   DS   Mode0HS1
 sa0   DS   TxHInHS1
 sa1   DS   TxHInHS1
 sa0   DS   LxHInHS1
 sa1   DS   LxHInHS1
 sa0   DS   NewLineHS1
 sa1   DS   NewLineHS1
 sa0   DS   ActBmHS1
 sa1   DS   ActBmHS1
 sa0   DS   GoBmHS1
 sa1   DS   GoBmHS1
 sa0   DS   LoadOHHS1
 sa1   DS   LoadOHHS1
 sa0   DS   SeFullOHS1
 sa1   DS   SeFullOHS1
 sa0   DS   GoRtHS1
 sa1   DS   GoRtHS1
 sa0   DS   LoadIHHS1
 sa1   DS   LoadIHHS1
 sa0   DS   SeFullIHS1
 sa1   DS   SeFullIHS1
