#                 Statistics Report
#  Circuit name                               s15850
#  Fault model                                   SAF
#  Pattern type                                BASIC
#  -------------------------------------------------
#  Fault classes                             #faults
#  ----------------------------  -------------------
#    FU (full)                                 24854
#    --------------------------  -------------------
#    UD (undetected)                            1068
#    PT (possibly testable)                        0
#    AU (atpg untestable)                        566
#    RE (redundant)                                0
#    AB (atpg abort)                               0
#    TI (tied)                                     0
#    --------------------------  -------------------
#    DT (detected)                             23220
#  -------------------------------------------------
#  Coverage                               percentage
#    --------------------------  -------------------
#    test coverage                             95.6%
#    fault coverage                           93.43%
#    atpg effectiveness                        95.7%
#  -------------------------------------------------
#  #Patterns                                     133
#  -------------------------------------------------
#  ATPG runtime                           1.67e+09 s
#  -------------------------------------------------
