#                 Statistics Report
#  Circuit name                                s1196
#  Fault model                                   SAF
#  Pattern type                                BASIC
#  -------------------------------------------------
#  Fault classes                             #faults
#  ----------------------------  -------------------
#    FU (full)                                  1396
#    --------------------------  -------------------
#    UD (undetected)                              36
#    PT (possibly testable)                        0
#    AU (atpg untestable)                          0
#    RE (redundant)                                0
#    AB (atpg abort)                               0
#    TI (tied)                                     0
#    --------------------------  -------------------
#    DT (detected)                              1360
#  -------------------------------------------------
#  Coverage                               percentage
#    --------------------------  -------------------
#    test coverage                            97.42%
#    fault coverage                           97.42%
#    atpg effectiveness                       97.42%
#  -------------------------------------------------
#  #Patterns                                     156
#  -------------------------------------------------
#  ATPG runtime                            0.03721 s
#  -------------------------------------------------
