#                 Statistics Report
#  Circuit name                                 c432
#  Fault model                                   SAF
#  Pattern type                                BASIC
#  -------------------------------------------------
#  Fault classes                             #faults
#  ----------------------------  -------------------
#    FU (full)                                   880
#    --------------------------  -------------------
#    UD (undetected)                              10
#    PT (possibly testable)                        0
#    AU (atpg untestable)                          0
#    RE (redundant)                                0
#    AB (atpg abort)                               0
#    TI (tied)                                     0
#    --------------------------  -------------------
#    DT (detected)                               870
#  -------------------------------------------------
#  Coverage                               percentage
#    --------------------------  -------------------
#    test coverage                            98.86%
#    fault coverage                           98.86%
#    atpg effectiveness                       98.86%
#  -------------------------------------------------
#  #Patterns                                      58
#  -------------------------------------------------
#  ATPG runtime                           0.001149 s
#  -------------------------------------------------
