#                 Statistics Report
#  Circuit name                                c1355
#  Fault model                                   SAF
#  Pattern type                                BASIC
#  -------------------------------------------------
#  Fault classes                             #faults
#  ----------------------------  -------------------
#    FU (full)                                  2726
#    --------------------------  -------------------
#    UD (undetected)                               0
#    PT (possibly testable)                        0
#    AU (atpg untestable)                          8
#    RE (redundant)                                0
#    AB (atpg abort)                              68
#    TI (tied)                                     0
#    --------------------------  -------------------
#    DT (detected)                              2650
#  -------------------------------------------------
#  Coverage                               percentage
#    --------------------------  -------------------
#    test coverage                             97.5%
#    fault coverage                           97.21%
#    atpg effectiveness                       97.51%
#  -------------------------------------------------
#  #Patterns                                      82
#  -------------------------------------------------
#  ATPG runtime                              2.422 s
#  -------------------------------------------------
