#                 Statistics Report
#  Circuit name                                s5378
#  Fault model                                   SAF
#  Pattern type                                BASIC
#  -------------------------------------------------
#  Fault classes                             #faults
#  ----------------------------  -------------------
#    FU (full)                                  9272
#    --------------------------  -------------------
#    UD (undetected)                             382
#    PT (possibly testable)                        0
#    AU (atpg untestable)                         83
#    RE (redundant)                                0
#    AB (atpg abort)                               0
#    TI (tied)                                     0
#    --------------------------  -------------------
#    DT (detected)                              8807
#  -------------------------------------------------
#  Coverage                               percentage
#    --------------------------  -------------------
#    test coverage                            95.84%
#    fault coverage                           94.98%
#    atpg effectiveness                       95.88%
#  -------------------------------------------------
#  #Patterns                                     137
#  -------------------------------------------------
#  ATPG runtime                              1.022 s
#  -------------------------------------------------
