#                 Statistics Report
#  Circuit name                               s35932
#  Fault model                                   SAF
#  Pattern type                                BASIC
#  -------------------------------------------------
#  Fault classes                             #faults
#  ----------------------------  -------------------
#    FU (full)                                 81746
#    --------------------------  -------------------
#    UD (undetected)                            3459
#    PT (possibly testable)                        0
#    AU (atpg untestable)                       7046
#    RE (redundant)                                0
#    AB (atpg abort)                               0
#    TI (tied)                                     0
#    --------------------------  -------------------
#    DT (detected)                             71241
#  -------------------------------------------------
#  Coverage                               percentage
#    --------------------------  -------------------
#    test coverage                            95.37%
#    fault coverage                           87.15%
#    atpg effectiveness                       95.77%
#  -------------------------------------------------
#  #Patterns                                      70
#  -------------------------------------------------
#  ATPG runtime                              63.42 s
#  -------------------------------------------------
