#                 Statistics Report
#  Circuit name                               s38417
#  Fault model                                   SAF
#  Pattern type                                BASIC
#  -------------------------------------------------
#  Fault classes                             #faults
#  ----------------------------  -------------------
#    FU (full)                                 67954
#    --------------------------  -------------------
#    UD (undetected)                            3297
#    PT (possibly testable)                        0
#    AU (atpg untestable)                        187
#    RE (redundant)                                0
#    AB (atpg abort)                               1
#    TI (tied)                                     0
#    --------------------------  -------------------
#    DT (detected)                             64469
#  -------------------------------------------------
#  Coverage                               percentage
#    --------------------------  -------------------
#    test coverage                            95.13%
#    fault coverage                           94.87%
#    atpg effectiveness                       95.15%
#  -------------------------------------------------
#  #Patterns                                     162
#  -------------------------------------------------
#  ATPG runtime                              47.38 s
#  -------------------------------------------------
