#                 Statistics Report
#  Circuit name                                s1238
#  Fault model                                   SAF
#  Pattern type                                BASIC
#  -------------------------------------------------
#  Fault classes                             #faults
#  ----------------------------  -------------------
#    FU (full)                                  2622
#    --------------------------  -------------------
#    UD (undetected)                             115
#    PT (possibly testable)                        0
#    AU (atpg untestable)                          0
#    RE (redundant)                                0
#    AB (atpg abort)                               0
#    TI (tied)                                     0
#    --------------------------  -------------------
#    DT (detected)                              2507
#  -------------------------------------------------
#  Coverage                               percentage
#    --------------------------  -------------------
#    test coverage                            95.61%
#    fault coverage                           95.61%
#    atpg effectiveness                       95.61%
#  -------------------------------------------------
#  #Patterns                                     159
#  -------------------------------------------------
#  ATPG runtime                           0.004077 s
#  -------------------------------------------------
