#                 Statistics Report
#  Circuit name                               s38584
#  Fault model                                   SAF
#  Pattern type                                BASIC
#  -------------------------------------------------
#  Fault classes                             #faults
#  ----------------------------  -------------------
#    FU (full)                                 81772
#    --------------------------  -------------------
#    UD (undetected)                            5836
#    PT (possibly testable)                        0
#    AU (atpg untestable)                          0
#    RE (redundant)                                0
#    AB (atpg abort)                               0
#    TI (tied)                                     0
#    --------------------------  -------------------
#    DT (detected)                             75936
#  -------------------------------------------------
#  Coverage                               percentage
#    --------------------------  -------------------
#    test coverage                            92.86%
#    fault coverage                           92.86%
#    atpg effectiveness                       92.86%
#  -------------------------------------------------
#  #Patterns                                     242
#  -------------------------------------------------
#  ATPG runtime                              2.782 s
#  -------------------------------------------------
