#                 Statistics Report
#  Circuit name                                 s953
#  Fault model                                   SAF
#  Pattern type                                BASIC
#  -------------------------------------------------
#  Fault classes                             #faults
#  ----------------------------  -------------------
#    FU (full)                                  2142
#    --------------------------  -------------------
#    UD (undetected)                              62
#    PT (possibly testable)                        0
#    AU (atpg untestable)                          0
#    RE (redundant)                                0
#    AB (atpg abort)                               0
#    TI (tied)                                     0
#    --------------------------  -------------------
#    DT (detected)                              2080
#  -------------------------------------------------
#  Coverage                               percentage
#    --------------------------  -------------------
#    test coverage                            97.11%
#    fault coverage                           97.11%
#    atpg effectiveness                       97.11%
#  -------------------------------------------------
#  #Patterns                                      91
#  -------------------------------------------------
#  ATPG runtime                           0.002108 s
#  -------------------------------------------------
