#                 Statistics Report
#  Circuit name                                s5378
#  Fault model                                   SAF
#  Pattern type                                BASIC
#  -------------------------------------------------
#  Fault classes                             #faults
#  ----------------------------  -------------------
#    FU (full)                                  5527
#    --------------------------  -------------------
#    UD (undetected)                             373
#    PT (possibly testable)                        0
#    AU (atpg untestable)                         40
#    RE (redundant)                                0
#    AB (atpg abort)                               0
#    TI (tied)                                     0
#    --------------------------  -------------------
#    DT (detected)                              5114
#  -------------------------------------------------
#  Coverage                               percentage
#    --------------------------  -------------------
#    test coverage                             93.2%
#    fault coverage                           92.53%
#    atpg effectiveness                       93.25%
#  -------------------------------------------------
#  #Patterns                                     136
#  -------------------------------------------------
#  ATPG runtime                             0.5303 s
#  -------------------------------------------------
