#                 Statistics Report
#  Circuit name                                 s510
#  Fault model                                   SAF
#  Pattern type                                BASIC
#  -------------------------------------------------
#  Fault classes                             #faults
#  ----------------------------  -------------------
#    FU (full)                                   620
#    --------------------------  -------------------
#    UD (undetected)                              13
#    PT (possibly testable)                        0
#    AU (atpg untestable)                          0
#    RE (redundant)                                0
#    AB (atpg abort)                               0
#    TI (tied)                                     0
#    --------------------------  -------------------
#    DT (detected)                               607
#  -------------------------------------------------
#  Coverage                               percentage
#    --------------------------  -------------------
#    test coverage                             97.9%
#    fault coverage                            97.9%
#    atpg effectiveness                        97.9%
#  -------------------------------------------------
#  #Patterns                                      62
#  -------------------------------------------------
#  ATPG runtime                           0.000455 s
#  -------------------------------------------------
