#                 Statistics Report
#  Circuit name                                s1238
#  Fault model                                   SAF
#  Pattern type                                BASIC
#  -------------------------------------------------
#  Fault classes                             #faults
#  ----------------------------  -------------------
#    FU (full)                                  2622
#    --------------------------  -------------------
#    UD (undetected)                              36
#    PT (possibly testable)                        0
#    AU (atpg untestable)                         79
#    RE (redundant)                                0
#    AB (atpg abort)                               0
#    TI (tied)                                     0
#    --------------------------  -------------------
#    DT (detected)                              2507
#  -------------------------------------------------
#  Coverage                               percentage
#    --------------------------  -------------------
#    test coverage                            98.58%
#    fault coverage                           95.61%
#    atpg effectiveness                       98.63%
#  -------------------------------------------------
#  #Patterns                                     150
#  -------------------------------------------------
#  ATPG runtime                           1.67e+09 s
#  -------------------------------------------------
