#                 Statistics Report
#  Circuit name                                c6288
#  Fault model                                   SAF
#  Pattern type                                BASIC
#  -------------------------------------------------
#  Fault classes                             #faults
#  ----------------------------  -------------------
#    FU (full)                                 14560
#    --------------------------  -------------------
#    UD (undetected)                              90
#    PT (possibly testable)                        0
#    AU (atpg untestable)                          0
#    RE (redundant)                                0
#    AB (atpg abort)                               0
#    TI (tied)                                     0
#    --------------------------  -------------------
#    DT (detected)                             14470
#  -------------------------------------------------
#  Coverage                               percentage
#    --------------------------  -------------------
#    test coverage                            99.38%
#    fault coverage                           99.38%
#    atpg effectiveness                       99.38%
#  -------------------------------------------------
#  #Patterns                                      28
#  -------------------------------------------------
#  ATPG runtime                             0.1051 s
#  -------------------------------------------------
