#                 Statistics Report
#  Circuit name                                c5315
#  Fault model                                   SAF
#  Pattern type                                BASIC
#  -------------------------------------------------
#  Fault classes                             #faults
#  ----------------------------  -------------------
#    FU (full)                                  5373
#    --------------------------  -------------------
#    UD (undetected)                               3
#    PT (possibly testable)                        0
#    AU (atpg untestable)                         59
#    RE (redundant)                                0
#    AB (atpg abort)                               4
#    TI (tied)                                     0
#    --------------------------  -------------------
#    DT (detected)                              5307
#  -------------------------------------------------
#  Coverage                               percentage
#    --------------------------  -------------------
#    test coverage                            99.87%
#    fault coverage                           98.77%
#    atpg effectiveness                       99.87%
#  -------------------------------------------------
#  #Patterns                                     220
#  -------------------------------------------------
#  ATPG runtime                              2.507 s
#  -------------------------------------------------
