#                 Statistics Report
#  Circuit name                               s9234f
#  Fault model                                   SAF
#  Pattern type                                BASIC
#  -------------------------------------------------
#  Fault classes                             #faults
#  ----------------------------  -------------------
#    FU (full)                                  8083
#    --------------------------  -------------------
#    UD (undetected)                             476
#    PT (possibly testable)                        0
#    AU (atpg untestable)                        299
#    RE (redundant)                                0
#    AB (atpg abort)                              21
#    TI (tied)                                     0
#    --------------------------  -------------------
#    DT (detected)                              7287
#  -------------------------------------------------
#  Coverage                               percentage
#    --------------------------  -------------------
#    test coverage                            93.62%
#    fault coverage                           90.15%
#    atpg effectiveness                       93.85%
#  -------------------------------------------------
#  #Patterns                                     454
#  -------------------------------------------------
#  ATPG runtime                              1.187 s
#  -------------------------------------------------
