#                 Statistics Report
#  Circuit name                                 s510
#  Fault model                                   SAF
#  Pattern type                                BASIC
#  -------------------------------------------------
#  Fault classes                             #faults
#  ----------------------------  -------------------
#    FU (full)                                   620
#    --------------------------  -------------------
#    UD (undetected)                              12
#    PT (possibly testable)                        0
#    AU (atpg untestable)                          0
#    RE (redundant)                                0
#    AB (atpg abort)                               0
#    TI (tied)                                     0
#    --------------------------  -------------------
#    DT (detected)                               608
#  -------------------------------------------------
#  Coverage                               percentage
#    --------------------------  -------------------
#    test coverage                            98.06%
#    fault coverage                           98.06%
#    atpg effectiveness                       98.06%
#  -------------------------------------------------
#  #Patterns                                      64
#  -------------------------------------------------
#  ATPG runtime                           0.008046 s
#  -------------------------------------------------
