#                 Statistics Report
#  Circuit name                                 s953
#  Fault model                                   SAF
#  Pattern type                                BASIC
#  -------------------------------------------------
#  Fault classes                             #faults
#  ----------------------------  -------------------
#    FU (full)                                  1317
#    --------------------------  -------------------
#    UD (undetected)                              58
#    PT (possibly testable)                        0
#    AU (atpg untestable)                          0
#    RE (redundant)                                0
#    AB (atpg abort)                               0
#    TI (tied)                                     0
#    --------------------------  -------------------
#    DT (detected)                              1259
#  -------------------------------------------------
#  Coverage                               percentage
#    --------------------------  -------------------
#    test coverage                             95.6%
#    fault coverage                            95.6%
#    atpg effectiveness                        95.6%
#  -------------------------------------------------
#  #Patterns                                      93
#  -------------------------------------------------
#  ATPG runtime                           0.001292 s
#  -------------------------------------------------
