            CPU Usage Summary Report
 -----------------------------------------------
 Read netlist CPU time                     0.02
 Model build CPU time                      0.00
 DRC CPU time                              0.01
 ATPG CPU time                             0.01
 Pattern compression CPU time              0.00
 Fault Sim CPU time                        0.00
 Good Sim CPU time                         0.00
 Diagnosis CPU time                        0.00
 Analyses CPU time                         0.00
 Write pattern CPU time                    0.00
 Total session CPU time                    0.04
 -----------------------------------------------
     Uncollapsed Stuck Fault Summary Report
 -----------------------------------------------
 fault class                     code   #faults
 ------------------------------  ----  ---------
 Detected                         DT         92
 Possibly detected                PT          0
 Undetectable                     UD          0
 ATPG untestable                  AU          0
 Not detected                     ND          0
 -----------------------------------------------
 total faults                                92
 test coverage                           100.00%
 -----------------------------------------------
 Memory usage summary: total=18.24MB
            Pattern Summary Report
 -----------------------------------------------
 #internal patterns                           7
     #basic_scan patterns                     7
 -----------------------------------------------
