            CPU Usage Summary Report
 -----------------------------------------------
 Read netlist CPU time                     0.04
 Model build CPU time                      0.05
 DRC CPU time                              0.01
 ATPG CPU time                             0.27
 Pattern compression CPU time              0.00
 Fault Sim CPU time                        0.00
 Good Sim CPU time                         0.00
 Diagnosis CPU time                        0.00
 Analyses CPU time                         0.00
 Write pattern CPU time                    0.00
 Total session CPU time                    0.38
 -----------------------------------------------
     Uncollapsed Stuck Fault Summary Report
 -----------------------------------------------
 fault class                     code   #faults
 ------------------------------  ----  ---------
 Detected                         DT      14667
 Possibly detected                PT          0
 Undetectable                     UD        501
 ATPG untestable                  AU          0
 Not detected                     ND         42
 -----------------------------------------------
 total faults                             15210
 test coverage                            99.71%
 -----------------------------------------------
 Memory usage summary: total=21.34MB
            Pattern Summary Report
 -----------------------------------------------
 #internal patterns                         142
     #basic_scan patterns                   142
 -----------------------------------------------
