            CPU Usage Summary Report
 -----------------------------------------------
 Read netlist CPU time                     0.04
 Model build CPU time                      0.00
 DRC CPU time                              0.01
 ATPG CPU time                             0.09
 Pattern compression CPU time              0.00
 Fault Sim CPU time                        0.00
 Good Sim CPU time                         0.00
 Diagnosis CPU time                        0.00
 Analyses CPU time                         0.00
 Write pattern CPU time                    0.00
 Total session CPU time                    0.14
 -----------------------------------------------
     Uncollapsed Stuck Fault Summary Report
 -----------------------------------------------
 fault class                     code   #faults
 ------------------------------  ----  ---------
 Detected                         DT       3160
 Possibly detected                PT          0
 Undetectable                     UD         86
 ATPG untestable                  AU          0
 Not detected                     ND          0
 -----------------------------------------------
 total faults                              3246
 test coverage                           100.00%
 -----------------------------------------------
 Memory usage summary: total=19.36MB
            Pattern Summary Report
 -----------------------------------------------
 #internal patterns                         152
     #basic_scan patterns                   152
 -----------------------------------------------
