            CPU Usage Summary Report
 -----------------------------------------------
 Read netlist CPU time                     0.05
 Model build CPU time                      0.08
 DRC CPU time                              0.03
 ATPG CPU time                             0.37
 Pattern compression CPU time              0.00
 Fault Sim CPU time                        0.00
 Good Sim CPU time                         0.00
 Diagnosis CPU time                        0.00
 Analyses CPU time                         0.00
 Write pattern CPU time                    0.00
 Total session CPU time                    0.54
 -----------------------------------------------
     Uncollapsed Stuck Fault Summary Report
 -----------------------------------------------
 fault class                     code   #faults
 ------------------------------  ----  ---------
 Detected                         DT      27630
 Possibly detected                PT          0
 Undetectable                     UD        616
 ATPG untestable                  AU          0
 Not detected                     ND          6
 -----------------------------------------------
 total faults                             28252
 test coverage                            99.98%
 -----------------------------------------------
 Memory usage summary: total=23.30MB
            Pattern Summary Report
 -----------------------------------------------
 #internal patterns                         128
     #basic_scan patterns                   128
 -----------------------------------------------
