#                 Statistics Report
#  Circuit name                                c1355
#  Fault model                                   SAF
#  Pattern type                                BASIC
#  -------------------------------------------------
#  Fault classes                             #faults
#  ----------------------------  -------------------
#    FU (full)                                  2726
#    --------------------------  -------------------
#    UD (undetected)                               8
#    PT (possibly testable)                        0
#    AU (atpg untestable)                          0
#    RE (redundant)                                0
#    AB (atpg abort)                               0
#    TI (tied)                                     0
#    --------------------------  -------------------
#    DT (detected)                              2718
#  -------------------------------------------------
#  Coverage                               percentage
#    --------------------------  -------------------
#    test coverage                            99.71%
#    fault coverage                           99.71%
#    atpg effectiveness                       99.71%
#  -------------------------------------------------
#  #Patterns                                      93
#  -------------------------------------------------
#  ATPG runtime                           1.67e+09 s
#  -------------------------------------------------
