#                 Statistics Report
#  Circuit name                               s38584
#  Fault model                                   SAF
#  Pattern type                                BASIC
#  -------------------------------------------------
#  Fault classes                             #faults
#  ----------------------------  -------------------
#    FU (full)                                 81772
#    --------------------------  -------------------
#    UD (undetected)                            5826
#    PT (possibly testable)                        0
#    AU (atpg untestable)                          0
#    RE (redundant)                                0
#    AB (atpg abort)                               0
#    TI (tied)                                     0
#    --------------------------  -------------------
#    DT (detected)                             75946
#  -------------------------------------------------
#  Coverage                               percentage
#    --------------------------  -------------------
#    test coverage                            92.88%
#    fault coverage                           92.88%
#    atpg effectiveness                       92.88%
#  -------------------------------------------------
#  #Patterns                                     131
#  -------------------------------------------------
#  ATPG runtime                           1.67e+09 s
#  -------------------------------------------------
