#                 Statistics Report
#  Circuit name                               s35932
#  Fault model                                   SAF
#  Pattern type                                BASIC
#  -------------------------------------------------
#  Fault classes                             #faults
#  ----------------------------  -------------------
#    FU (full)                                100018
#    --------------------------  -------------------
#    UD (undetected)                           12581
#    PT (possibly testable)                        0
#    AU (atpg untestable)                          0
#    RE (redundant)                                0
#    AB (atpg abort)                               0
#    TI (tied)                                     0
#    --------------------------  -------------------
#    DT (detected)                             87437
#  -------------------------------------------------
#  Coverage                               percentage
#    --------------------------  -------------------
#    test coverage                            87.42%
#    fault coverage                           87.42%
#    atpg effectiveness                       87.42%
#  -------------------------------------------------
#  #Patterns                                     512
#  -------------------------------------------------
#  ATPG runtime                              4.979 s
#  -------------------------------------------------
