#                 Statistics Report
#  Circuit name                               s38417
#  Fault model                                   SAF
#  Pattern type                                BASIC
#  -------------------------------------------------
#  Fault classes                             #faults
#  ----------------------------  -------------------
#    FU (full)                                 86824
#    --------------------------  -------------------
#    UD (undetected)                            3817
#    PT (possibly testable)                        0
#    AU (atpg untestable)                          0
#    RE (redundant)                                0
#    AB (atpg abort)                               0
#    TI (tied)                                     0
#    --------------------------  -------------------
#    DT (detected)                             83007
#  -------------------------------------------------
#  Coverage                               percentage
#    --------------------------  -------------------
#    test coverage                             95.6%
#    fault coverage                            95.6%
#    atpg effectiveness                        95.6%
#  -------------------------------------------------
#  #Patterns                                    1522
#  -------------------------------------------------
#  ATPG runtime                              5.379 s
#  -------------------------------------------------
