#                 Statistics Report
#  Circuit name                                s5378
#  Fault model                                   SAF
#  Pattern type                                BASIC
#  -------------------------------------------------
#  Fault classes                             #faults
#  ----------------------------  -------------------
#    FU (full)                                 11822
#    --------------------------  -------------------
#    UD (undetected)                             509
#    PT (possibly testable)                        0
#    AU (atpg untestable)                          0
#    RE (redundant)                                0
#    AB (atpg abort)                               0
#    TI (tied)                                     0
#    --------------------------  -------------------
#    DT (detected)                             11313
#  -------------------------------------------------
#  Coverage                               percentage
#    --------------------------  -------------------
#    test coverage                            95.69%
#    fault coverage                           95.69%
#    atpg effectiveness                       95.69%
#  -------------------------------------------------
#  #Patterns                                     336
#  -------------------------------------------------
#  ATPG runtime                            0.04677 s
#  -------------------------------------------------
